2018-10-11 15:34:17,121 INFO o.a.j.u.JMeterUtils: Setting Locale to en_EN
2018-10-11 15:34:17,139 INFO o.a.j.JMeter: Loading user properties from: /usr/local/Cellar/jmeter/5.0/libexec/bin/user.properties
2018-10-11 15:34:17,139 INFO o.a.j.JMeter: Loading system properties from: /usr/local/Cellar/jmeter/5.0/libexec/bin/system.properties
2018-10-11 15:34:17,143 INFO o.a.j.JMeter: Copyright (c) 1998-2018 The Apache Software Foundation
2018-10-11 15:34:17,143 INFO o.a.j.JMeter: Version 5.0 r1840935
2018-10-11 15:34:17,143 INFO o.a.j.JMeter: java.version=1.8.0_181
2018-10-11 15:34:17,143 INFO o.a.j.JMeter: java.vm.name=Java HotSpot(TM) 64-Bit Server VM
2018-10-11 15:34:17,144 INFO o.a.j.JMeter: os.name=Mac OS X
2018-10-11 15:34:17,144 INFO o.a.j.JMeter: os.arch=x86_64
2018-10-11 15:34:17,144 INFO o.a.j.JMeter: os.version=10.14
2018-10-11 15:34:17,144 INFO o.a.j.JMeter: file.encoding=UTF-8
2018-10-11 15:34:17,144 INFO o.a.j.JMeter: Max memory     =1073741824
2018-10-11 15:34:17,144 INFO o.a.j.JMeter: Available Processors =12
2018-10-11 15:34:17,146 INFO o.a.j.JMeter: Default Locale=English (EN)
2018-10-11 15:34:17,147 INFO o.a.j.JMeter: JMeter  Locale=English (EN)
2018-10-11 15:34:17,147 INFO o.a.j.JMeter: JMeterHome=/usr/local/Cellar/jmeter/5.0/libexec
2018-10-11 15:34:17,147 INFO o.a.j.JMeter: user.dir  =/Users/sergey/IdeaProjects/bike/bike-ui
2018-10-11 15:34:17,147 INFO o.a.j.JMeter: PWD       =/Users/sergey/IdeaProjects/bike/bike-ui
2018-10-11 15:34:22,155 INFO o.a.j.JMeter: IP: 10.18.1.118 Name: Sergeys-MacBook-Pro.local FullName: 10.18.1.118
2018-10-11 15:34:23,507 INFO o.a.j.g.a.LookAndFeelCommand: Installing Darcula LAF
2018-10-11 15:34:23,518 INFO o.a.j.g.a.LookAndFeelCommand: Using look and feel: com.bulenkov.darcula.DarculaLaf [Darcula]
2018-10-11 15:34:23,519 INFO o.a.j.JMeter: Setting LAF to: com.bulenkov.darcula.DarculaLaf
2018-10-11 15:34:23,570 INFO o.a.j.JMeter: Loaded icon properties from org/apache/jmeter/images/icon.properties
2018-10-11 15:34:23,904 INFO o.a.j.e.u.CompoundVariable: Note: Function class names must contain the string: '.functions.'
2018-10-11 15:34:23,905 INFO o.a.j.e.u.CompoundVariable: Note: Function class names must not contain the string: '.gui.'
2018-10-11 15:34:25,178 INFO o.a.j.p.h.s.HTTPSamplerBase: Parser for text/html is org.apache.jmeter.protocol.http.parser.LagartoBasedHtmlParser
2018-10-11 15:34:25,178 INFO o.a.j.p.h.s.HTTPSamplerBase: Parser for application/xhtml+xml is org.apache.jmeter.protocol.http.parser.LagartoBasedHtmlParser
2018-10-11 15:34:25,179 INFO o.a.j.p.h.s.HTTPSamplerBase: Parser for application/xml is org.apache.jmeter.protocol.http.parser.LagartoBasedHtmlParser
2018-10-11 15:34:25,179 INFO o.a.j.p.h.s.HTTPSamplerBase: Parser for text/xml is org.apache.jmeter.protocol.http.parser.LagartoBasedHtmlParser
2018-10-11 15:34:25,179 INFO o.a.j.p.h.s.HTTPSamplerBase: Parser for text/vnd.wap.wml is org.apache.jmeter.protocol.http.parser.RegexpHTMLParser
2018-10-11 15:34:25,179 INFO o.a.j.p.h.s.HTTPSamplerBase: Parser for text/css is org.apache.jmeter.protocol.http.parser.CssParser
2018-10-11 15:34:25,435 INFO o.a.j.e.KeyToolUtils: keytool found at 'keytool'
2018-10-11 15:34:25,436 INFO o.a.j.p.h.p.ProxyControl: HTTP(S) Test Script Recorder SSL Proxy will use keys that support embedded 3rd party resources in file /usr/local/Cellar/jmeter/5.0/libexec/bin/proxyserver.jks
2018-10-11 15:34:25,530 INFO o.a.j.s.FileServer: Default base='/Users/sergey/IdeaProjects/bike/bike-ui'
2018-10-11 15:34:25,747 INFO o.a.j.s.SampleResult: Note: Sample TimeStamps are START times
2018-10-11 15:34:25,747 INFO o.a.j.s.SampleResult: sampleresult.default.encoding is set to ISO-8859-1
2018-10-11 15:34:25,747 INFO o.a.j.s.SampleResult: sampleresult.useNanoTime=true
2018-10-11 15:34:25,747 INFO o.a.j.s.SampleResult: sampleresult.nanoThreadSleep=5000
2018-10-11 15:34:51,265 INFO o.a.j.s.FileServer: Set new base='/Users/sergey/Desktop'
2018-10-11 15:34:51,381 INFO o.a.j.s.SaveService: Testplan (JMX) version: 2.2. Testlog (JTL) version: 2.2
2018-10-11 15:34:51,392 INFO o.a.j.s.SaveService: Using SaveService properties file encoding UTF-8
2018-10-11 15:34:51,393 INFO o.a.j.s.SaveService: Using SaveService properties version 5.0
2018-10-11 15:36:53,005 INFO o.a.j.e.StandardJMeterEngine: Running the test!
2018-10-11 15:36:53,006 INFO o.a.j.s.SampleEvent: List of sample_variables: []
2018-10-11 15:36:53,006 INFO o.a.j.s.SampleEvent: List of sample_variables: []
2018-10-11 15:36:53,010 INFO o.a.j.g.u.JMeterMenuBar: setRunning(true, *local*)
2018-10-11 15:36:53,160 INFO o.a.j.e.StandardJMeterEngine: Starting ThreadGroup: 1 : Thread Group
2018-10-11 15:36:53,160 INFO o.a.j.e.StandardJMeterEngine: Starting 50 threads for group Thread Group.
2018-10-11 15:36:53,160 INFO o.a.j.e.StandardJMeterEngine: Thread will continue on error
2018-10-11 15:36:53,161 INFO o.a.j.t.ThreadGroup: Starting thread group... number=1 threads=50 ramp-up=1 perThread=20.0 delayedStart=false
2018-10-11 15:36:53,165 INFO o.a.j.t.JMeterThread: Thread started: Thread Group 1-1
2018-10-11 15:36:53,180 INFO o.a.j.p.h.s.HTTPHCAbstractImpl: Local host = Sergeys-MacBook-Pro.local
2018-10-11 15:36:53,180 INFO o.a.j.t.ThreadGroup: Started thread group number 1
2018-10-11 15:36:53,180 INFO o.a.j.e.StandardJMeterEngine: All thread groups have been started
2018-10-11 15:36:53,185 INFO o.a.j.t.JMeterThread: Thread started: Thread Group 1-2
2018-10-11 15:36:53,187 INFO o.a.j.p.h.s.HTTPHC4Impl: HTTP request retry count = 0
2018-10-11 15:36:53,208 INFO o.a.j.t.JMeterThread: Thread started: Thread Group 1-3
2018-10-11 15:36:53,228 INFO o.a.j.t.JMeterThread: Thread started: Thread Group 1-4
2018-10-11 15:36:53,248 INFO o.a.j.t.JMeterThread: Thread started: Thread Group 1-5
2018-10-11 15:36:53,268 INFO o.a.j.t.JMeterThread: Thread started: Thread Group 1-6
2018-10-11 15:36:53,289 INFO o.a.j.t.JMeterThread: Thread started: Thread Group 1-7
2018-10-11 15:36:53,311 INFO o.a.j.t.JMeterThread: Thread started: Thread Group 1-8
2018-10-11 15:36:53,333 INFO o.a.j.t.JMeterThread: Thread started: Thread Group 1-9
2018-10-11 15:36:53,350 INFO o.a.j.t.JMeterThread: Thread started: Thread Group 1-10
2018-10-11 15:36:53,373 INFO o.a.j.t.JMeterThread: Thread started: Thread Group 1-11
2018-10-11 15:36:53,392 INFO o.a.j.t.JMeterThread: Thread started: Thread Group 1-12
2018-10-11 15:36:53,415 INFO o.a.j.t.JMeterThread: Thread started: Thread Group 1-13
2018-10-11 15:36:53,436 INFO o.a.j.t.JMeterThread: Thread started: Thread Group 1-14
2018-10-11 15:36:53,456 INFO o.a.j.t.JMeterThread: Thread started: Thread Group 1-15
2018-10-11 15:36:53,473 INFO o.a.j.t.JMeterThread: Thread started: Thread Group 1-16
2018-10-11 15:36:53,493 INFO o.a.j.t.JMeterThread: Thread started: Thread Group 1-17
2018-10-11 15:36:53,513 INFO o.a.j.t.JMeterThread: Thread started: Thread Group 1-18
2018-10-11 15:36:53,534 INFO o.a.j.t.JMeterThread: Thread started: Thread Group 1-19
2018-10-11 15:36:53,554 INFO o.a.j.t.JMeterThread: Thread started: Thread Group 1-20
2018-10-11 15:36:53,574 INFO o.a.j.t.JMeterThread: Thread started: Thread Group 1-21
2018-10-11 15:36:53,599 INFO o.a.j.t.JMeterThread: Thread started: Thread Group 1-22
2018-10-11 15:36:53,615 INFO o.a.j.t.JMeterThread: Thread started: Thread Group 1-23
2018-10-11 15:36:53,634 INFO o.a.j.t.JMeterThread: Thread started: Thread Group 1-24
2018-10-11 15:36:53,658 INFO o.a.j.t.JMeterThread: Thread started: Thread Group 1-25
2018-10-11 15:36:53,677 INFO o.a.j.t.JMeterThread: Thread started: Thread Group 1-26
2018-10-11 15:36:53,697 INFO o.a.j.t.JMeterThread: Thread started: Thread Group 1-27
2018-10-11 15:36:53,716 INFO o.a.j.t.JMeterThread: Thread started: Thread Group 1-28
2018-10-11 15:36:53,739 INFO o.a.j.t.JMeterThread: Thread started: Thread Group 1-29
2018-10-11 15:36:53,756 INFO o.a.j.t.JMeterThread: Thread started: Thread Group 1-30
2018-10-11 15:36:53,776 INFO o.a.j.t.JMeterThread: Thread started: Thread Group 1-31
2018-10-11 15:36:53,798 INFO o.a.j.t.JMeterThread: Thread started: Thread Group 1-32
2018-10-11 15:36:53,817 INFO o.a.j.t.JMeterThread: Thread started: Thread Group 1-33
2018-10-11 15:36:53,837 INFO o.a.j.t.JMeterThread: Thread started: Thread Group 1-34
2018-10-11 15:36:53,861 INFO o.a.j.t.JMeterThread: Thread started: Thread Group 1-35
2018-10-11 15:36:53,881 INFO o.a.j.t.JMeterThread: Thread started: Thread Group 1-36
2018-10-11 15:36:53,899 INFO o.a.j.t.JMeterThread: Thread started: Thread Group 1-37
2018-10-11 15:36:53,922 INFO o.a.j.t.JMeterThread: Thread started: Thread Group 1-38
2018-10-11 15:36:53,942 INFO o.a.j.t.JMeterThread: Thread started: Thread Group 1-39
2018-10-11 15:36:53,958 INFO o.a.j.t.JMeterThread: Thread started: Thread Group 1-40
2018-10-11 15:36:53,983 INFO o.a.j.t.JMeterThread: Thread started: Thread Group 1-41
2018-10-11 15:36:54,000 INFO o.a.j.t.JMeterThread: Thread started: Thread Group 1-42
2018-10-11 15:36:54,019 INFO o.a.j.t.JMeterThread: Thread started: Thread Group 1-43
2018-10-11 15:36:54,039 INFO o.a.j.t.JMeterThread: Thread started: Thread Group 1-44
2018-10-11 15:36:54,060 INFO o.a.j.t.JMeterThread: Thread started: Thread Group 1-45
2018-10-11 15:36:54,082 INFO o.a.j.t.JMeterThread: Thread started: Thread Group 1-46
2018-10-11 15:36:54,103 INFO o.a.j.t.JMeterThread: Thread started: Thread Group 1-47
2018-10-11 15:36:54,123 INFO o.a.j.t.JMeterThread: Thread started: Thread Group 1-48
2018-10-11 15:36:54,140 INFO o.a.j.t.JMeterThread: Thread started: Thread Group 1-49
2018-10-11 15:36:54,165 INFO o.a.j.t.JMeterThread: Thread started: Thread Group 1-50
2018-10-11 15:36:58,092 INFO o.a.j.u.JsseSSLManager: Using default SSL protocol: TLS
2018-10-11 15:36:58,092 INFO o.a.j.u.JsseSSLManager: SSL session context: per-thread
2018-10-11 15:37:05,778 INFO o.a.j.g.a.Start: Shutting test down
2018-10-11 15:37:05,795 INFO o.a.j.t.JMeterThread: Stopping: Thread Group 1-50
2018-10-11 15:37:05,795 INFO o.a.j.t.JMeterThread: Stopping: Thread Group 1-10
2018-10-11 15:37:05,795 INFO o.a.j.t.JMeterThread: Stopping: Thread Group 1-35
2018-10-11 15:37:05,795 INFO o.a.j.t.JMeterThread: Stopping: Thread Group 1-11
2018-10-11 15:37:05,795 INFO o.a.j.t.JMeterThread: Stopping: Thread Group 1-9
2018-10-11 15:37:05,795 INFO o.a.j.t.JMeterThread: Stopping: Thread Group 1-21
2018-10-11 15:37:05,795 INFO o.a.j.t.JMeterThread: Stopping: Thread Group 1-16
2018-10-11 15:37:05,795 INFO o.a.j.t.JMeterThread: Stopping: Thread Group 1-3
2018-10-11 15:37:05,795 INFO o.a.j.t.JMeterThread: Stopping: Thread Group 1-31
2018-10-11 15:37:05,796 INFO o.a.j.t.JMeterThread: Stopping: Thread Group 1-30
2018-10-11 15:37:05,796 INFO o.a.j.t.JMeterThread: Stopping: Thread Group 1-1
2018-10-11 15:37:05,796 INFO o.a.j.t.JMeterThread: Stopping: Thread Group 1-19
2018-10-11 15:37:05,796 INFO o.a.j.t.JMeterThread: Stopping: Thread Group 1-13
2018-10-11 15:37:05,796 INFO o.a.j.t.JMeterThread: Stopping: Thread Group 1-8
2018-10-11 15:37:05,796 INFO o.a.j.t.JMeterThread: Stopping: Thread Group 1-22
2018-10-11 15:37:05,796 INFO o.a.j.t.JMeterThread: Stopping: Thread Group 1-40
2018-10-11 15:37:05,796 INFO o.a.j.t.JMeterThread: Stopping: Thread Group 1-18
2018-10-11 15:37:05,796 INFO o.a.j.t.JMeterThread: Stopping: Thread Group 1-25
2018-10-11 15:37:05,796 INFO o.a.j.t.JMeterThread: Stopping: Thread Group 1-5
2018-10-11 15:37:05,796 INFO o.a.j.t.JMeterThread: Stopping: Thread Group 1-34
2018-10-11 15:37:05,796 INFO o.a.j.t.JMeterThread: Stopping: Thread Group 1-23
2018-10-11 15:37:05,796 INFO o.a.j.t.JMeterThread: Stopping: Thread Group 1-26
2018-10-11 15:37:05,796 INFO o.a.j.t.JMeterThread: Stopping: Thread Group 1-36
2018-10-11 15:37:05,796 INFO o.a.j.t.JMeterThread: Stopping: Thread Group 1-7
2018-10-11 15:37:05,796 INFO o.a.j.t.JMeterThread: Stopping: Thread Group 1-29
2018-10-11 15:37:05,796 INFO o.a.j.t.JMeterThread: Stopping: Thread Group 1-43
2018-10-11 15:37:05,796 INFO o.a.j.t.JMeterThread: Stopping: Thread Group 1-24
2018-10-11 15:37:05,797 INFO o.a.j.t.JMeterThread: Stopping: Thread Group 1-37
2018-10-11 15:37:05,797 INFO o.a.j.t.JMeterThread: Stopping: Thread Group 1-44
2018-10-11 15:37:05,797 INFO o.a.j.t.JMeterThread: Stopping: Thread Group 1-12
2018-10-11 15:37:05,797 INFO o.a.j.t.JMeterThread: Stopping: Thread Group 1-47
2018-10-11 15:37:05,797 INFO o.a.j.t.JMeterThread: Stopping: Thread Group 1-14
2018-10-11 15:37:05,797 INFO o.a.j.t.JMeterThread: Stopping: Thread Group 1-17
2018-10-11 15:37:05,797 INFO o.a.j.t.JMeterThread: Stopping: Thread Group 1-28
2018-10-11 15:37:05,797 INFO o.a.j.t.JMeterThread: Stopping: Thread Group 1-49
2018-10-11 15:37:05,797 INFO o.a.j.t.JMeterThread: Stopping: Thread Group 1-32
2018-10-11 15:37:05,797 INFO o.a.j.t.JMeterThread: Stopping: Thread Group 1-45
2018-10-11 15:37:05,797 INFO o.a.j.t.JMeterThread: Thread finished: Thread Group 1-1
2018-10-11 15:37:05,797 INFO o.a.j.t.JMeterThread: Stopping: Thread Group 1-4
2018-10-11 15:37:05,797 INFO o.a.j.t.JMeterThread: Stopping: Thread Group 1-39
2018-10-11 15:37:05,797 INFO o.a.j.t.JMeterThread: Stopping: Thread Group 1-15
2018-10-11 15:37:05,798 INFO o.a.j.t.JMeterThread: Stopping: Thread Group 1-20
2018-10-11 15:37:05,798 INFO o.a.j.t.JMeterThread: Stopping: Thread Group 1-27
2018-10-11 15:37:05,798 INFO o.a.j.t.JMeterThread: Stopping: Thread Group 1-2
2018-10-11 15:37:05,798 INFO o.a.j.t.JMeterThread: Stopping: Thread Group 1-6
2018-10-11 15:37:05,798 INFO o.a.j.t.JMeterThread: Stopping: Thread Group 1-46
2018-10-11 15:37:05,798 INFO o.a.j.t.JMeterThread: Stopping: Thread Group 1-41
2018-10-11 15:37:05,798 INFO o.a.j.t.JMeterThread: Stopping: Thread Group 1-42
2018-10-11 15:37:05,798 INFO o.a.j.t.JMeterThread: Stopping: Thread Group 1-48
2018-10-11 15:37:05,798 INFO o.a.j.t.JMeterThread: Stopping: Thread Group 1-38
2018-10-11 15:37:05,798 INFO o.a.j.t.JMeterThread: Stopping: Thread Group 1-33
2018-10-11 15:37:05,802 INFO o.a.j.t.JMeterThread: Thread finished: Thread Group 1-2
2018-10-11 15:37:05,816 INFO o.a.j.t.JMeterThread: Thread finished: Thread Group 1-17
2018-10-11 15:37:05,821 INFO o.a.j.t.JMeterThread: Thread finished: Thread Group 1-26
2018-10-11 15:37:05,821 INFO o.a.j.t.JMeterThread: Thread finished: Thread Group 1-29
2018-10-11 15:37:05,842 INFO o.a.j.t.JMeterThread: Thread finished: Thread Group 1-34
2018-10-11 15:37:05,861 INFO o.a.j.t.JMeterThread: Thread finished: Thread Group 1-3
2018-10-11 15:37:05,898 INFO o.a.j.t.JMeterThread: Thread finished: Thread Group 1-46
2018-10-11 15:37:05,905 INFO o.a.j.t.JMeterThread: Thread finished: Thread Group 1-49
2018-10-11 15:37:05,910 INFO o.a.j.t.JMeterThread: Thread finished: Thread Group 1-38
2018-10-11 15:37:05,917 INFO o.a.j.t.JMeterThread: Thread finished: Thread Group 1-4
2018-10-11 15:37:05,936 INFO o.a.j.t.JMeterThread: Thread finished: Thread Group 1-11
2018-10-11 15:37:05,963 INFO o.a.j.t.JMeterThread: Thread finished: Thread Group 1-48
2018-10-11 15:37:05,969 INFO o.a.j.t.JMeterThread: Thread finished: Thread Group 1-23
2018-10-11 15:37:06,010 INFO o.a.j.t.JMeterThread: Thread finished: Thread Group 1-6
2018-10-11 15:37:06,013 INFO o.a.j.t.JMeterThread: Thread finished: Thread Group 1-35
2018-10-11 15:37:06,055 INFO o.a.j.t.JMeterThread: Thread finished: Thread Group 1-40
2018-10-11 15:37:06,057 INFO o.a.j.t.JMeterThread: Thread finished: Thread Group 1-41
2018-10-11 15:37:06,082 INFO o.a.j.t.JMeterThread: Thread finished: Thread Group 1-24
2018-10-11 15:37:06,097 INFO o.a.j.t.JMeterThread: Thread finished: Thread Group 1-25
2018-10-11 15:37:06,109 INFO o.a.j.t.JMeterThread: Thread finished: Thread Group 1-32
2018-10-11 15:37:06,112 INFO o.a.j.t.JMeterThread: Thread finished: Thread Group 1-31
2018-10-11 15:37:06,122 INFO o.a.j.t.JMeterThread: Thread finished: Thread Group 1-12
2018-10-11 15:37:06,140 INFO o.a.j.t.JMeterThread: Thread finished: Thread Group 1-47
2018-10-11 15:37:06,144 INFO o.a.j.t.JMeterThread: Thread finished: Thread Group 1-43
2018-10-11 15:37:06,145 INFO o.a.j.t.JMeterThread: Thread finished: Thread Group 1-18
2018-10-11 15:37:06,147 INFO o.a.j.t.JMeterThread: Thread finished: Thread Group 1-13
2018-10-11 15:37:06,149 INFO o.a.j.t.JMeterThread: Thread finished: Thread Group 1-10
2018-10-11 15:37:06,163 INFO o.a.j.t.JMeterThread: Thread finished: Thread Group 1-33
2018-10-11 15:37:06,170 INFO o.a.j.t.JMeterThread: Thread finished: Thread Group 1-50
2018-10-11 15:37:06,197 INFO o.a.j.t.JMeterThread: Thread finished: Thread Group 1-15
2018-10-11 15:37:06,203 INFO o.a.j.t.JMeterThread: Thread finished: Thread Group 1-9
2018-10-11 15:37:06,219 INFO o.a.j.t.JMeterThread: Thread finished: Thread Group 1-22
2018-10-11 15:37:06,303 INFO o.a.j.t.JMeterThread: Thread finished: Thread Group 1-7
2018-10-11 15:37:06,313 INFO o.a.j.t.JMeterThread: Thread finished: Thread Group 1-5
2018-10-11 15:37:06,337 INFO o.a.j.t.JMeterThread: Thread finished: Thread Group 1-30
2018-10-11 15:37:06,339 INFO o.a.j.t.JMeterThread: Thread finished: Thread Group 1-45
2018-10-11 15:37:06,339 INFO o.a.j.t.JMeterThread: Thread finished: Thread Group 1-27
2018-10-11 15:37:06,344 INFO o.a.j.t.JMeterThread: Thread finished: Thread Group 1-19
2018-10-11 15:37:06,344 INFO o.a.j.t.JMeterThread: Thread finished: Thread Group 1-8
2018-10-11 15:37:06,398 INFO o.a.j.t.JMeterThread: Thread finished: Thread Group 1-28
2018-10-11 15:37:06,414 INFO o.a.j.t.JMeterThread: Thread finished: Thread Group 1-37
2018-10-11 15:37:06,439 INFO o.a.j.t.JMeterThread: Thread finished: Thread Group 1-16
2018-10-11 15:37:06,450 INFO o.a.j.t.JMeterThread: Thread finished: Thread Group 1-36
2018-10-11 15:37:06,460 INFO o.a.j.t.JMeterThread: Thread finished: Thread Group 1-42
2018-10-11 15:37:06,468 INFO o.a.j.t.JMeterThread: Thread finished: Thread Group 1-20
2018-10-11 15:37:06,536 INFO o.a.j.t.JMeterThread: Thread finished: Thread Group 1-14
2018-10-11 15:37:06,591 INFO o.a.j.t.JMeterThread: Thread finished: Thread Group 1-21
2018-10-11 15:37:06,611 INFO o.a.j.t.JMeterThread: Thread finished: Thread Group 1-39
2018-10-11 15:37:06,822 INFO o.a.j.t.JMeterThread: Thread finished: Thread Group 1-44
2018-10-11 15:37:06,823 INFO o.a.j.e.StandardJMeterEngine: Notifying test listeners of end of test
2018-10-11 15:37:06,823 INFO o.a.j.g.u.JMeterMenuBar: setRunning(false, *local*)
2018-10-11 15:37:20,580 INFO o.a.j.e.StandardJMeterEngine: Running the test!
2018-10-11 15:37:20,580 INFO o.a.j.s.SampleEvent: List of sample_variables: []
2018-10-11 15:37:20,580 INFO o.a.j.g.u.JMeterMenuBar: setRunning(true, *local*)
2018-10-11 15:37:20,701 INFO o.a.j.e.StandardJMeterEngine: Starting ThreadGroup: 1 : Thread Group
2018-10-11 15:37:20,701 INFO o.a.j.e.StandardJMeterEngine: Starting 50 threads for group Thread Group.
2018-10-11 15:37:20,702 INFO o.a.j.e.StandardJMeterEngine: Thread will continue on error
2018-10-11 15:37:20,702 INFO o.a.j.t.ThreadGroup: Starting thread group... number=1 threads=50 ramp-up=1 perThread=20.0 delayedStart=false
2018-10-11 15:37:20,702 INFO o.a.j.t.JMeterThread: Thread started: Thread Group 1-1
2018-10-11 15:37:20,711 INFO o.a.j.t.ThreadGroup: Started thread group number 1
2018-10-11 15:37:20,711 INFO o.a.j.e.StandardJMeterEngine: All thread groups have been started
2018-10-11 15:37:20,723 INFO o.a.j.t.JMeterThread: Thread started: Thread Group 1-2
2018-10-11 15:37:20,748 INFO o.a.j.t.JMeterThread: Thread started: Thread Group 1-3
2018-10-11 15:37:20,766 INFO o.a.j.t.JMeterThread: Thread started: Thread Group 1-4
2018-10-11 15:37:20,783 INFO o.a.j.t.JMeterThread: Thread started: Thread Group 1-5
2018-10-11 15:37:20,805 INFO o.a.j.t.JMeterThread: Thread started: Thread Group 1-6
2018-10-11 15:37:20,824 INFO o.a.j.t.JMeterThread: Thread started: Thread Group 1-7
2018-10-11 15:37:20,848 INFO o.a.j.t.JMeterThread: Thread started: Thread Group 1-8
2018-10-11 15:37:20,868 INFO o.a.j.t.JMeterThread: Thread started: Thread Group 1-9
2018-10-11 15:37:20,888 INFO o.a.j.t.JMeterThread: Thread started: Thread Group 1-10
2018-10-11 15:37:20,905 INFO o.a.j.t.JMeterThread: Thread started: Thread Group 1-11
2018-10-11 15:37:20,929 INFO o.a.j.t.JMeterThread: Thread started: Thread Group 1-12
2018-10-11 15:37:20,948 INFO o.a.j.t.JMeterThread: Thread started: Thread Group 1-13
2018-10-11 15:37:20,965 INFO o.a.j.t.JMeterThread: Thread started: Thread Group 1-14
2018-10-11 15:37:20,989 INFO o.a.j.t.JMeterThread: Thread started: Thread Group 1-15
2018-10-11 15:37:21,006 INFO o.a.j.t.JMeterThread: Thread started: Thread Group 1-16
2018-10-11 15:37:21,027 INFO o.a.j.t.JMeterThread: Thread started: Thread Group 1-17
2018-10-11 15:37:21,046 INFO o.a.j.t.JMeterThread: Thread started: Thread Group 1-18
2018-10-11 15:37:21,066 INFO o.a.j.t.JMeterThread: Thread started: Thread Group 1-19
2018-10-11 15:37:21,089 INFO o.a.j.t.JMeterThread: Thread started: Thread Group 1-20
2018-10-11 15:37:21,108 INFO o.a.j.t.JMeterThread: Thread started: Thread Group 1-21
2018-10-11 15:37:21,131 INFO o.a.j.t.JMeterThread: Thread started: Thread Group 1-22
2018-10-11 15:37:21,147 INFO o.a.j.t.JMeterThread: Thread started: Thread Group 1-23
2018-10-11 15:37:21,172 INFO o.a.j.t.JMeterThread: Thread started: Thread Group 1-24
2018-10-11 15:37:21,189 INFO o.a.j.t.JMeterThread: Thread started: Thread Group 1-25
2018-10-11 15:37:21,210 INFO o.a.j.t.JMeterThread: Thread started: Thread Group 1-26
2018-10-11 15:37:21,231 INFO o.a.j.t.JMeterThread: Thread started: Thread Group 1-27
2018-10-11 15:37:21,252 INFO o.a.j.t.JMeterThread: Thread started: Thread Group 1-28
2018-10-11 15:37:21,272 INFO o.a.j.t.JMeterThread: Thread started: Thread Group 1-29
2018-10-11 15:37:21,289 INFO o.a.j.t.JMeterThread: Thread started: Thread Group 1-30
2018-10-11 15:37:21,312 INFO o.a.j.t.JMeterThread: Thread started: Thread Group 1-31
2018-10-11 15:37:21,332 INFO o.a.j.t.JMeterThread: Thread started: Thread Group 1-32
2018-10-11 15:37:21,348 INFO o.a.j.t.JMeterThread: Thread started: Thread Group 1-33
2018-10-11 15:37:21,372 INFO o.a.j.t.JMeterThread: Thread started: Thread Group 1-34
2018-10-11 15:37:21,389 INFO o.a.j.t.JMeterThread: Thread started: Thread Group 1-35
2018-10-11 15:37:21,409 INFO o.a.j.t.JMeterThread: Thread started: Thread Group 1-36
2018-10-11 15:37:21,429 INFO o.a.j.t.JMeterThread: Thread started: Thread Group 1-37
2018-10-11 15:37:21,453 INFO o.a.j.t.JMeterThread: Thread started: Thread Group 1-38
2018-10-11 15:37:21,472 INFO o.a.j.t.JMeterThread: Thread started: Thread Group 1-39
2018-10-11 15:37:21,490 INFO o.a.j.t.JMeterThread: Thread started: Thread Group 1-40
2018-10-11 15:37:21,514 INFO o.a.j.t.JMeterThread: Thread started: Thread Group 1-41
2018-10-11 15:37:21,531 INFO o.a.j.t.JMeterThread: Thread started: Thread Group 1-42
2018-10-11 15:37:21,550 INFO o.a.j.t.JMeterThread: Thread started: Thread Group 1-43
2018-10-11 15:37:21,572 INFO o.a.j.t.JMeterThread: Thread started: Thread Group 1-44
2018-10-11 15:37:21,590 INFO o.a.j.t.JMeterThread: Thread started: Thread Group 1-45
2018-10-11 15:37:21,614 INFO o.a.j.t.JMeterThread: Thread started: Thread Group 1-46
2018-10-11 15:37:21,631 INFO o.a.j.t.JMeterThread: Thread started: Thread Group 1-47
2018-10-11 15:37:21,650 INFO o.a.j.t.JMeterThread: Thread started: Thread Group 1-48
2018-10-11 15:37:21,673 INFO o.a.j.t.JMeterThread: Thread started: Thread Group 1-49
2018-10-11 15:37:21,691 INFO o.a.j.t.JMeterThread: Thread started: Thread Group 1-50
2018-10-11 15:37:30,139 INFO o.a.j.g.a.Start: Stopping test
2018-10-11 15:37:30,152 INFO o.a.j.t.JMeterThread: Stopping: Thread Group 1-35
2018-10-11 15:37:30,152 WARN o.a.j.t.JMeterThread: Interrupting: Thread Group 1-35 sampler: HTTP Request
2018-10-11 15:37:30,153 INFO o.a.j.t.JMeterThread: Stopping: Thread Group 1-13
2018-10-11 15:37:30,154 WARN o.a.j.t.JMeterThread: Interrupting: Thread Group 1-13 sampler: HTTP Request
2018-10-11 15:37:30,154 INFO o.a.j.t.JMeterThread: Stopping: Thread Group 1-29
2018-10-11 15:37:30,154 WARN o.a.j.t.JMeterThread: Interrupting: Thread Group 1-29 sampler: HTTP Request
2018-10-11 15:37:30,155 INFO o.a.j.t.JMeterThread: Stopping: Thread Group 1-37
2018-10-11 15:37:30,155 WARN o.a.j.t.JMeterThread: Interrupting: Thread Group 1-37 sampler: HTTP Request
2018-10-11 15:37:30,156 INFO o.a.j.t.JMeterThread: Stopping: Thread Group 1-20
2018-10-11 15:37:30,156 WARN o.a.j.t.JMeterThread: Interrupting: Thread Group 1-20 sampler: HTTP Request
2018-10-11 15:37:30,156 INFO o.a.j.t.JMeterThread: Thread finished: Thread Group 1-13
2018-10-11 15:37:30,156 INFO o.a.j.t.JMeterThread: Thread finished: Thread Group 1-35
2018-10-11 15:37:30,157 INFO o.a.j.t.JMeterThread: Stopping: Thread Group 1-46
2018-10-11 15:37:30,157 INFO o.a.j.t.JMeterThread: Thread finished: Thread Group 1-29
2018-10-11 15:37:30,157 WARN o.a.j.t.JMeterThread: Interrupting: Thread Group 1-46 sampler: HTTP Request
2018-10-11 15:37:30,158 INFO o.a.j.t.JMeterThread: Thread finished: Thread Group 1-37
2018-10-11 15:37:30,158 INFO o.a.j.t.JMeterThread: Stopping: Thread Group 1-19
2018-10-11 15:37:30,158 WARN o.a.j.t.JMeterThread: Interrupting: Thread Group 1-19 sampler: HTTP Request
2018-10-11 15:37:30,159 INFO o.a.j.t.JMeterThread: Thread finished: Thread Group 1-20
2018-10-11 15:37:30,159 INFO o.a.j.t.JMeterThread: Stopping: Thread Group 1-14
2018-10-11 15:37:30,159 WARN o.a.j.t.JMeterThread: Interrupting: Thread Group 1-14 sampler: HTTP Request
2018-10-11 15:37:30,160 INFO o.a.j.t.JMeterThread: Stopping: Thread Group 1-12
2018-10-11 15:37:30,160 INFO o.a.j.t.JMeterThread: Thread finished: Thread Group 1-46
2018-10-11 15:37:30,160 WARN o.a.j.t.JMeterThread: Interrupting: Thread Group 1-12 sampler: HTTP Request
2018-10-11 15:37:30,161 INFO o.a.j.t.JMeterThread: Stopping: Thread Group 1-16
2018-10-11 15:37:30,161 INFO o.a.j.t.JMeterThread: Thread finished: Thread Group 1-19
2018-10-11 15:37:30,161 WARN o.a.j.t.JMeterThread: Interrupting: Thread Group 1-16 sampler: HTTP Request
2018-10-11 15:37:30,161 INFO o.a.j.t.JMeterThread: Thread finished: Thread Group 1-14
2018-10-11 15:37:30,162 INFO o.a.j.t.JMeterThread: Stopping: Thread Group 1-49
2018-10-11 15:37:30,162 INFO o.a.j.t.JMeterThread: Thread finished: Thread Group 1-12
2018-10-11 15:37:30,162 WARN o.a.j.t.JMeterThread: Interrupting: Thread Group 1-49 sampler: HTTP Request
2018-10-11 15:37:30,164 INFO o.a.j.t.JMeterThread: Stopping: Thread Group 1-3
2018-10-11 15:37:30,164 INFO o.a.j.t.JMeterThread: Thread finished: Thread Group 1-16
2018-10-11 15:37:30,164 WARN o.a.j.t.JMeterThread: Interrupting: Thread Group 1-3 sampler: HTTP Request
2018-10-11 15:37:30,165 INFO o.a.j.t.JMeterThread: Stopping: Thread Group 1-11
2018-10-11 15:37:30,165 WARN o.a.j.t.JMeterThread: Interrupting: Thread Group 1-11 sampler: HTTP Request
2018-10-11 15:37:30,165 INFO o.a.j.t.JMeterThread: Thread finished: Thread Group 1-49
2018-10-11 15:37:30,166 INFO o.a.j.t.JMeterThread: Stopping: Thread Group 1-30
2018-10-11 15:37:30,166 INFO o.a.j.t.JMeterThread: Thread finished: Thread Group 1-3
2018-10-11 15:37:30,166 WARN o.a.j.t.JMeterThread: Interrupting: Thread Group 1-30 sampler: HTTP Request
2018-10-11 15:37:30,167 INFO o.a.j.t.JMeterThread: Stopping: Thread Group 1-4
2018-10-11 15:37:30,167 WARN o.a.j.t.JMeterThread: Interrupting: Thread Group 1-4 sampler: HTTP Request
2018-10-11 15:37:30,168 INFO o.a.j.t.JMeterThread: Thread finished: Thread Group 1-30
2018-10-11 15:37:30,168 INFO o.a.j.t.JMeterThread: Stopping: Thread Group 1-42
2018-10-11 15:37:30,168 INFO o.a.j.t.JMeterThread: Thread finished: Thread Group 1-11
2018-10-11 15:37:30,168 WARN o.a.j.t.JMeterThread: Interrupting: Thread Group 1-42 sampler: HTTP Request
2018-10-11 15:37:30,169 INFO o.a.j.t.JMeterThread: Stopping: Thread Group 1-47
2018-10-11 15:37:30,169 INFO o.a.j.t.JMeterThread: Thread finished: Thread Group 1-4
2018-10-11 15:37:30,169 WARN o.a.j.t.JMeterThread: Interrupting: Thread Group 1-47 sampler: HTTP Request
2018-10-11 15:37:30,170 INFO o.a.j.t.JMeterThread: Stopping: Thread Group 1-23
2018-10-11 15:37:30,170 WARN o.a.j.t.JMeterThread: Interrupting: Thread Group 1-23 sampler: HTTP Request
2018-10-11 15:37:30,170 INFO o.a.j.t.JMeterThread: Thread finished: Thread Group 1-42
2018-10-11 15:37:30,171 INFO o.a.j.t.JMeterThread: Stopping: Thread Group 1-22
2018-10-11 15:37:30,171 WARN o.a.j.t.JMeterThread: Interrupting: Thread Group 1-22 sampler: HTTP Request
2018-10-11 15:37:30,172 INFO o.a.j.t.JMeterThread: Thread finished: Thread Group 1-47
2018-10-11 15:37:30,172 INFO o.a.j.t.JMeterThread: Stopping: Thread Group 1-6
2018-10-11 15:37:30,172 WARN o.a.j.t.JMeterThread: Interrupting: Thread Group 1-6 sampler: HTTP Request
2018-10-11 15:37:30,174 INFO o.a.j.t.JMeterThread: Thread finished: Thread Group 1-23
2018-10-11 15:37:30,174 INFO o.a.j.t.JMeterThread: Stopping: Thread Group 1-21
2018-10-11 15:37:30,174 WARN o.a.j.t.JMeterThread: Interrupting: Thread Group 1-21 sampler: HTTP Request
2018-10-11 15:37:30,174 INFO o.a.j.t.JMeterThread: Thread finished: Thread Group 1-22
2018-10-11 15:37:30,174 INFO o.a.j.t.JMeterThread: Stopping: Thread Group 1-9
2018-10-11 15:37:30,175 WARN o.a.j.t.JMeterThread: Interrupting: Thread Group 1-9 sampler: HTTP Request
2018-10-11 15:37:30,175 INFO o.a.j.t.JMeterThread: Thread finished: Thread Group 1-6
2018-10-11 15:37:30,175 INFO o.a.j.t.JMeterThread: Stopping: Thread Group 1-50
2018-10-11 15:37:30,176 INFO o.a.j.t.JMeterThread: Thread finished: Thread Group 1-21
2018-10-11 15:37:30,176 WARN o.a.j.t.JMeterThread: Interrupting: Thread Group 1-50 sampler: HTTP Request
2018-10-11 15:37:30,176 INFO o.a.j.t.JMeterThread: Stopping: Thread Group 1-40
2018-10-11 15:37:30,176 INFO o.a.j.t.JMeterThread: Thread finished: Thread Group 1-9
2018-10-11 15:37:30,176 WARN o.a.j.t.JMeterThread: Interrupting: Thread Group 1-40 sampler: HTTP Request
2018-10-11 15:37:30,177 INFO o.a.j.t.JMeterThread: Stopping: Thread Group 1-27
2018-10-11 15:37:30,177 INFO o.a.j.t.JMeterThread: Thread finished: Thread Group 1-50
2018-10-11 15:37:30,177 WARN o.a.j.t.JMeterThread: Interrupting: Thread Group 1-27 sampler: HTTP Request
2018-10-11 15:37:30,177 INFO o.a.j.t.JMeterThread: Stopping: Thread Group 1-28
2018-10-11 15:37:30,177 WARN o.a.j.t.JMeterThread: Interrupting: Thread Group 1-28 sampler: HTTP Request
2018-10-11 15:37:30,177 INFO o.a.j.t.JMeterThread: Thread finished: Thread Group 1-40
2018-10-11 15:37:30,177 INFO o.a.j.t.JMeterThread: Stopping: Thread Group 1-2
2018-10-11 15:37:30,178 WARN o.a.j.t.JMeterThread: Interrupting: Thread Group 1-2 sampler: HTTP Request
2018-10-11 15:37:30,178 INFO o.a.j.t.JMeterThread: Thread finished: Thread Group 1-27
2018-10-11 15:37:30,178 INFO o.a.j.t.JMeterThread: Stopping: Thread Group 1-43
2018-10-11 15:37:30,178 WARN o.a.j.t.JMeterThread: Interrupting: Thread Group 1-43 sampler: HTTP Request
2018-10-11 15:37:30,178 INFO o.a.j.t.JMeterThread: Stopping: Thread Group 1-17
2018-10-11 15:37:30,178 INFO o.a.j.t.JMeterThread: Thread finished: Thread Group 1-28
2018-10-11 15:37:30,178 WARN o.a.j.t.JMeterThread: Interrupting: Thread Group 1-17 sampler: HTTP Request
2018-10-11 15:37:30,178 INFO o.a.j.t.JMeterThread: Stopping: Thread Group 1-24
2018-10-11 15:37:30,178 INFO o.a.j.t.JMeterThread: Thread finished: Thread Group 1-2
2018-10-11 15:37:30,179 INFO o.a.j.t.JMeterThread: Thread finished: Thread Group 1-43
2018-10-11 15:37:30,179 WARN o.a.j.t.JMeterThread: Interrupting: Thread Group 1-24 sampler: HTTP Request
2018-10-11 15:37:30,179 INFO o.a.j.t.JMeterThread: Stopping: Thread Group 1-44
2018-10-11 15:37:30,179 WARN o.a.j.t.JMeterThread: Interrupting: Thread Group 1-44 sampler: HTTP Request
2018-10-11 15:37:30,179 INFO o.a.j.t.JMeterThread: Thread finished: Thread Group 1-17
2018-10-11 15:37:30,179 INFO o.a.j.t.JMeterThread: Stopping: Thread Group 1-33
2018-10-11 15:37:30,180 INFO o.a.j.t.JMeterThread: Thread finished: Thread Group 1-24
2018-10-11 15:37:30,180 WARN o.a.j.t.JMeterThread: Interrupting: Thread Group 1-33 sampler: HTTP Request
2018-10-11 15:37:30,180 INFO o.a.j.t.JMeterThread: Thread finished: Thread Group 1-44
2018-10-11 15:37:30,180 INFO o.a.j.t.JMeterThread: Stopping: Thread Group 1-34
2018-10-11 15:37:30,180 WARN o.a.j.t.JMeterThread: Interrupting: Thread Group 1-34 sampler: HTTP Request
2018-10-11 15:37:30,180 INFO o.a.j.t.JMeterThread: Thread finished: Thread Group 1-33
2018-10-11 15:37:30,180 INFO o.a.j.t.JMeterThread: Stopping: Thread Group 1-1
2018-10-11 15:37:30,180 WARN o.a.j.t.JMeterThread: Interrupting: Thread Group 1-1 sampler: HTTP Request
2018-10-11 15:37:30,181 INFO o.a.j.t.JMeterThread: Stopping: Thread Group 1-32
2018-10-11 15:37:30,181 WARN o.a.j.t.JMeterThread: Interrupting: Thread Group 1-32 sampler: HTTP Request
2018-10-11 15:37:30,181 INFO o.a.j.t.JMeterThread: Stopping: Thread Group 1-25
2018-10-11 15:37:30,181 INFO o.a.j.t.JMeterThread: Thread finished: Thread Group 1-34
2018-10-11 15:37:30,181 WARN o.a.j.t.JMeterThread: Interrupting: Thread Group 1-25 sampler: HTTP Request
2018-10-11 15:37:30,181 INFO o.a.j.t.JMeterThread: Thread finished: Thread Group 1-1
2018-10-11 15:37:30,181 INFO o.a.j.t.JMeterThread: Stopping: Thread Group 1-26
2018-10-11 15:37:30,182 WARN o.a.j.t.JMeterThread: Interrupting: Thread Group 1-26 sampler: HTTP Request
2018-10-11 15:37:30,182 INFO o.a.j.t.JMeterThread: Thread finished: Thread Group 1-32
2018-10-11 15:37:30,182 INFO o.a.j.t.JMeterThread: Stopping: Thread Group 1-7
2018-10-11 15:37:30,182 WARN o.a.j.t.JMeterThread: Interrupting: Thread Group 1-7 sampler: HTTP Request
2018-10-11 15:37:30,182 INFO o.a.j.t.JMeterThread: Thread finished: Thread Group 1-25
2018-10-11 15:37:30,182 INFO o.a.j.t.JMeterThread: Stopping: Thread Group 1-8
2018-10-11 15:37:30,182 WARN o.a.j.t.JMeterThread: Interrupting: Thread Group 1-8 sampler: HTTP Request
2018-10-11 15:37:30,182 INFO o.a.j.t.JMeterThread: Thread finished: Thread Group 1-26
2018-10-11 15:37:30,182 INFO o.a.j.t.JMeterThread: Stopping: Thread Group 1-45
2018-10-11 15:37:30,183 WARN o.a.j.t.JMeterThread: Interrupting: Thread Group 1-45 sampler: HTTP Request
2018-10-11 15:37:30,183 INFO o.a.j.t.JMeterThread: Thread finished: Thread Group 1-7
2018-10-11 15:37:30,183 INFO o.a.j.t.JMeterThread: Stopping: Thread Group 1-39
2018-10-11 15:37:30,183 INFO o.a.j.t.JMeterThread: Thread finished: Thread Group 1-8
2018-10-11 15:37:30,183 WARN o.a.j.t.JMeterThread: Interrupting: Thread Group 1-39 sampler: HTTP Request
2018-10-11 15:37:30,183 INFO o.a.j.t.JMeterThread: Stopping: Thread Group 1-48
2018-10-11 15:37:30,183 WARN o.a.j.t.JMeterThread: Interrupting: Thread Group 1-48 sampler: HTTP Request
2018-10-11 15:37:30,184 INFO o.a.j.t.JMeterThread: Thread finished: Thread Group 1-45
2018-10-11 15:37:30,184 INFO o.a.j.t.JMeterThread: Stopping: Thread Group 1-31
2018-10-11 15:37:30,184 WARN o.a.j.t.JMeterThread: Interrupting: Thread Group 1-31 sampler: HTTP Request
2018-10-11 15:37:30,184 INFO o.a.j.t.JMeterThread: Stopping: Thread Group 1-38
2018-10-11 15:37:30,185 INFO o.a.j.t.JMeterThread: Thread finished: Thread Group 1-39
2018-10-11 15:37:30,185 INFO o.a.j.t.JMeterThread: Thread finished: Thread Group 1-48
2018-10-11 15:37:30,185 WARN o.a.j.t.JMeterThread: Interrupting: Thread Group 1-38 sampler: HTTP Request
2018-10-11 15:37:30,185 INFO o.a.j.t.JMeterThread: Thread finished: Thread Group 1-31
2018-10-11 15:37:30,185 INFO o.a.j.t.JMeterThread: Stopping: Thread Group 1-10
2018-10-11 15:37:30,185 WARN o.a.j.t.JMeterThread: Interrupting: Thread Group 1-10 sampler: HTTP Request
2018-10-11 15:37:30,185 INFO o.a.j.t.JMeterThread: Thread finished: Thread Group 1-38
2018-10-11 15:37:30,185 INFO o.a.j.t.JMeterThread: Stopping: Thread Group 1-18
2018-10-11 15:37:30,185 WARN o.a.j.t.JMeterThread: Interrupting: Thread Group 1-18 sampler: HTTP Request
2018-10-11 15:37:30,185 INFO o.a.j.t.JMeterThread: Stopping: Thread Group 1-15
2018-10-11 15:37:30,186 WARN o.a.j.t.JMeterThread: Interrupting: Thread Group 1-15 sampler: HTTP Request
2018-10-11 15:37:30,186 INFO o.a.j.t.JMeterThread: Thread finished: Thread Group 1-10
2018-10-11 15:37:30,186 INFO o.a.j.t.JMeterThread: Stopping: Thread Group 1-41
2018-10-11 15:37:30,186 WARN o.a.j.t.JMeterThread: Interrupting: Thread Group 1-41 sampler: HTTP Request
2018-10-11 15:37:30,186 INFO o.a.j.t.JMeterThread: Thread finished: Thread Group 1-18
2018-10-11 15:37:30,186 INFO o.a.j.t.JMeterThread: Stopping: Thread Group 1-36
2018-10-11 15:37:30,186 WARN o.a.j.t.JMeterThread: Interrupting: Thread Group 1-36 sampler: HTTP Request
2018-10-11 15:37:30,186 INFO o.a.j.t.JMeterThread: Thread finished: Thread Group 1-15
2018-10-11 15:37:30,186 INFO o.a.j.t.JMeterThread: Stopping: Thread Group 1-5
2018-10-11 15:37:30,186 INFO o.a.j.t.JMeterThread: Thread finished: Thread Group 1-41
2018-10-11 15:37:30,186 WARN o.a.j.t.JMeterThread: Interrupting: Thread Group 1-5 sampler: HTTP Request
2018-10-11 15:37:30,187 INFO o.a.j.t.JMeterThread: Thread finished: Thread Group 1-36
2018-10-11 15:37:30,187 INFO o.a.j.t.JMeterThread: Thread finished: Thread Group 1-5
2018-10-11 15:37:30,187 INFO o.a.j.e.StandardJMeterEngine: Notifying test listeners of end of test
2018-10-11 15:37:30,187 INFO o.a.j.g.u.JMeterMenuBar: setRunning(false, *local*)
2018-10-11 15:38:12,634 INFO o.a.j.e.StandardJMeterEngine: Running the test!
2018-10-11 15:38:12,634 INFO o.a.j.s.SampleEvent: List of sample_variables: []
2018-10-11 15:38:12,634 INFO o.a.j.g.u.JMeterMenuBar: setRunning(true, *local*)
2018-10-11 15:38:12,779 INFO o.a.j.e.StandardJMeterEngine: Starting ThreadGroup: 1 : Thread Group
2018-10-11 15:38:12,779 INFO o.a.j.e.StandardJMeterEngine: Starting 50 threads for group Thread Group.
2018-10-11 15:38:12,779 INFO o.a.j.e.StandardJMeterEngine: Thread will continue on error
2018-10-11 15:38:12,779 INFO o.a.j.t.ThreadGroup: Starting thread group... number=1 threads=50 ramp-up=1 perThread=20.0 delayedStart=false
2018-10-11 15:38:12,780 INFO o.a.j.t.JMeterThread: Thread started: Thread Group 1-1
2018-10-11 15:38:12,788 INFO o.a.j.t.ThreadGroup: Started thread group number 1
2018-10-11 15:38:12,788 INFO o.a.j.e.StandardJMeterEngine: All thread groups have been started
2018-10-11 15:38:12,802 INFO o.a.j.t.JMeterThread: Thread started: Thread Group 1-2
2018-10-11 15:38:12,821 INFO o.a.j.t.JMeterThread: Thread started: Thread Group 1-3
2018-10-11 15:38:12,841 INFO o.a.j.t.JMeterThread: Thread started: Thread Group 1-4
2018-10-11 15:38:12,862 INFO o.a.j.t.JMeterThread: Thread started: Thread Group 1-5
2018-10-11 15:38:12,881 INFO o.a.j.t.JMeterThread: Thread started: Thread Group 1-6
2018-10-11 15:38:12,904 INFO o.a.j.t.JMeterThread: Thread started: Thread Group 1-7
2018-10-11 15:38:12,921 INFO o.a.j.t.JMeterThread: Thread started: Thread Group 1-8
2018-10-11 15:38:12,946 INFO o.a.j.t.JMeterThread: Thread started: Thread Group 1-9
2018-10-11 15:38:12,962 INFO o.a.j.t.JMeterThread: Thread started: Thread Group 1-10
2018-10-11 15:38:12,982 INFO o.a.j.t.JMeterThread: Thread started: Thread Group 1-11
2018-10-11 15:38:13,003 INFO o.a.j.t.JMeterThread: Thread started: Thread Group 1-12
2018-10-11 15:38:13,022 INFO o.a.j.t.JMeterThread: Thread started: Thread Group 1-13
2018-10-11 15:38:13,045 INFO o.a.j.t.JMeterThread: Thread started: Thread Group 1-14
2018-10-11 15:38:13,068 INFO o.a.j.t.JMeterThread: Thread started: Thread Group 1-15
2018-10-11 15:38:13,087 INFO o.a.j.t.JMeterThread: Thread started: Thread Group 1-16
2018-10-11 15:38:13,106 INFO o.a.j.t.JMeterThread: Thread started: Thread Group 1-17
2018-10-11 15:38:13,123 INFO o.a.j.t.JMeterThread: Thread started: Thread Group 1-18
2018-10-11 15:38:13,146 INFO o.a.j.t.JMeterThread: Thread started: Thread Group 1-19
2018-10-11 15:38:13,164 INFO o.a.j.t.JMeterThread: Thread started: Thread Group 1-20
2018-10-11 15:38:13,187 INFO o.a.j.t.JMeterThread: Thread started: Thread Group 1-21
2018-10-11 15:38:13,205 INFO o.a.j.t.JMeterThread: Thread started: Thread Group 1-22
2018-10-11 15:38:13,229 INFO o.a.j.t.JMeterThread: Thread started: Thread Group 1-23
2018-10-11 15:38:13,246 INFO o.a.j.t.JMeterThread: Thread started: Thread Group 1-24
2018-10-11 15:38:13,264 INFO o.a.j.t.JMeterThread: Thread started: Thread Group 1-25
2018-10-11 15:38:13,288 INFO o.a.j.t.JMeterThread: Thread started: Thread Group 1-26
2018-10-11 15:38:13,305 INFO o.a.j.t.JMeterThread: Thread started: Thread Group 1-27
2018-10-11 15:38:13,328 INFO o.a.j.t.JMeterThread: Thread started: Thread Group 1-28
2018-10-11 15:38:13,345 INFO o.a.j.t.JMeterThread: Thread started: Thread Group 1-29
2018-10-11 15:38:13,366 INFO o.a.j.t.JMeterThread: Thread started: Thread Group 1-30
2018-10-11 15:38:13,387 INFO o.a.j.t.JMeterThread: Thread started: Thread Group 1-31
2018-10-11 15:38:13,408 INFO o.a.j.t.JMeterThread: Thread started: Thread Group 1-32
2018-10-11 15:38:13,428 INFO o.a.j.t.JMeterThread: Thread started: Thread Group 1-33
2018-10-11 15:38:13,446 INFO o.a.j.t.JMeterThread: Thread started: Thread Group 1-34
2018-10-11 15:38:13,467 INFO o.a.j.t.JMeterThread: Thread started: Thread Group 1-35
2018-10-11 15:38:13,487 INFO o.a.j.t.JMeterThread: Thread started: Thread Group 1-36
2018-10-11 15:38:13,506 INFO o.a.j.t.JMeterThread: Thread started: Thread Group 1-37
2018-10-11 15:38:13,528 INFO o.a.j.t.JMeterThread: Thread started: Thread Group 1-38
2018-10-11 15:38:13,547 INFO o.a.j.t.JMeterThread: Thread started: Thread Group 1-39
2018-10-11 15:38:13,571 INFO o.a.j.t.JMeterThread: Thread started: Thread Group 1-40
2018-10-11 15:38:13,587 INFO o.a.j.t.JMeterThread: Thread started: Thread Group 1-41
2018-10-11 15:38:13,608 INFO o.a.j.t.JMeterThread: Thread started: Thread Group 1-42
2018-10-11 15:38:13,631 INFO o.a.j.t.JMeterThread: Thread started: Thread Group 1-43
2018-10-11 15:38:13,648 INFO o.a.j.t.JMeterThread: Thread started: Thread Group 1-44
2018-10-11 15:38:13,672 INFO o.a.j.t.JMeterThread: Thread started: Thread Group 1-45
2018-10-11 15:38:13,688 INFO o.a.j.t.JMeterThread: Thread started: Thread Group 1-46
2018-10-11 15:38:13,713 INFO o.a.j.t.JMeterThread: Thread started: Thread Group 1-47
2018-10-11 15:38:13,728 INFO o.a.j.t.JMeterThread: Thread started: Thread Group 1-48
2018-10-11 15:38:13,751 INFO o.a.j.t.JMeterThread: Thread started: Thread Group 1-49
2018-10-11 15:38:13,770 INFO o.a.j.t.JMeterThread: Thread started: Thread Group 1-50
2018-10-11 15:38:16,595 INFO o.a.j.g.a.Start: Stopping test
2018-10-11 15:38:16,607 INFO o.a.j.t.JMeterThread: Stopping: Thread Group 1-36
2018-10-11 15:38:16,607 WARN o.a.j.t.JMeterThread: Interrupting: Thread Group 1-36 sampler: HTTP Request
2018-10-11 15:38:16,608 INFO o.a.j.t.JMeterThread: Stopping: Thread Group 1-3
2018-10-11 15:38:16,608 WARN o.a.j.t.JMeterThread: Interrupting: Thread Group 1-3 sampler: HTTP Request
2018-10-11 15:38:16,609 INFO o.a.j.t.JMeterThread: Stopping: Thread Group 1-22
2018-10-11 15:38:16,609 WARN o.a.j.t.JMeterThread: Interrupting: Thread Group 1-22 sampler: HTTP Request
2018-10-11 15:38:16,610 INFO o.a.j.t.JMeterThread: Thread finished: Thread Group 1-36
2018-10-11 15:38:16,610 INFO o.a.j.t.JMeterThread: Stopping: Thread Group 1-18
2018-10-11 15:38:16,610 INFO o.a.j.t.JMeterThread: Thread finished: Thread Group 1-3
2018-10-11 15:38:16,610 WARN o.a.j.t.JMeterThread: Interrupting: Thread Group 1-18 sampler: HTTP Request
2018-10-11 15:38:16,611 INFO o.a.j.t.JMeterThread: Stopping: Thread Group 1-25
2018-10-11 15:38:16,611 INFO o.a.j.t.JMeterThread: Thread finished: Thread Group 1-22
2018-10-11 15:38:16,611 WARN o.a.j.t.JMeterThread: Interrupting: Thread Group 1-25 sampler: HTTP Request
2018-10-11 15:38:16,612 INFO o.a.j.t.JMeterThread: Stopping: Thread Group 1-33
2018-10-11 15:38:16,612 WARN o.a.j.t.JMeterThread: Interrupting: Thread Group 1-33 sampler: HTTP Request
2018-10-11 15:38:16,612 INFO o.a.j.t.JMeterThread: Thread finished: Thread Group 1-18
2018-10-11 15:38:16,613 INFO o.a.j.t.JMeterThread: Stopping: Thread Group 1-31
2018-10-11 15:38:16,614 INFO o.a.j.t.JMeterThread: Thread finished: Thread Group 1-33
2018-10-11 15:38:16,613 INFO o.a.j.t.JMeterThread: Thread finished: Thread Group 1-25
2018-10-11 15:38:16,622 WARN o.a.j.t.JMeterThread: Interrupting: Thread Group 1-31 sampler: HTTP Request
2018-10-11 15:38:16,623 INFO o.a.j.t.JMeterThread: Stopping: Thread Group 1-47
2018-10-11 15:38:16,623 WARN o.a.j.t.JMeterThread: Interrupting: Thread Group 1-47 sampler: HTTP Request
2018-10-11 15:38:16,624 INFO o.a.j.t.JMeterThread: Stopping: Thread Group 1-17
2018-10-11 15:38:16,624 INFO o.a.j.t.JMeterThread: Thread finished: Thread Group 1-31
2018-10-11 15:38:16,624 WARN o.a.j.t.JMeterThread: Interrupting: Thread Group 1-17 sampler: HTTP Request
2018-10-11 15:38:16,625 INFO o.a.j.t.JMeterThread: Stopping: Thread Group 1-27
2018-10-11 15:38:16,625 WARN o.a.j.t.JMeterThread: Interrupting: Thread Group 1-27 sampler: HTTP Request
2018-10-11 15:38:16,625 INFO o.a.j.t.JMeterThread: Thread finished: Thread Group 1-47
2018-10-11 15:38:16,626 INFO o.a.j.t.JMeterThread: Stopping: Thread Group 1-7
2018-10-11 15:38:16,626 WARN o.a.j.t.JMeterThread: Interrupting: Thread Group 1-7 sampler: HTTP Request
2018-10-11 15:38:16,626 INFO o.a.j.t.JMeterThread: Thread finished: Thread Group 1-17
2018-10-11 15:38:16,627 INFO o.a.j.t.JMeterThread: Stopping: Thread Group 1-49
2018-10-11 15:38:16,627 INFO o.a.j.t.JMeterThread: Thread finished: Thread Group 1-7
2018-10-11 15:38:16,627 INFO o.a.j.t.JMeterThread: Thread finished: Thread Group 1-27
2018-10-11 15:38:16,627 WARN o.a.j.t.JMeterThread: Interrupting: Thread Group 1-49 sampler: HTTP Request
2018-10-11 15:38:16,628 INFO o.a.j.t.JMeterThread: Stopping: Thread Group 1-50
2018-10-11 15:38:16,628 WARN o.a.j.t.JMeterThread: Interrupting: Thread Group 1-50 sampler: HTTP Request
2018-10-11 15:38:16,629 INFO o.a.j.t.JMeterThread: Stopping: Thread Group 1-35
2018-10-11 15:38:16,629 INFO o.a.j.t.JMeterThread: Thread finished: Thread Group 1-49
2018-10-11 15:38:16,629 WARN o.a.j.t.JMeterThread: Interrupting: Thread Group 1-35 sampler: HTTP Request
2018-10-11 15:38:16,630 INFO o.a.j.t.JMeterThread: Stopping: Thread Group 1-46
2018-10-11 15:38:16,630 WARN o.a.j.t.JMeterThread: Interrupting: Thread Group 1-46 sampler: HTTP Request
2018-10-11 15:38:16,630 INFO o.a.j.t.JMeterThread: Thread finished: Thread Group 1-50
2018-10-11 15:38:16,630 INFO o.a.j.t.JMeterThread: Stopping: Thread Group 1-38
2018-10-11 15:38:16,630 INFO o.a.j.t.JMeterThread: Thread finished: Thread Group 1-35
2018-10-11 15:38:16,631 WARN o.a.j.t.JMeterThread: Interrupting: Thread Group 1-38 sampler: HTTP Request
2018-10-11 15:38:16,631 INFO o.a.j.t.JMeterThread: Stopping: Thread Group 1-40
2018-10-11 15:38:16,631 WARN o.a.j.t.JMeterThread: Interrupting: Thread Group 1-40 sampler: HTTP Request
2018-10-11 15:38:16,631 INFO o.a.j.t.JMeterThread: Thread finished: Thread Group 1-46
2018-10-11 15:38:16,632 INFO o.a.j.t.JMeterThread: Thread finished: Thread Group 1-38
2018-10-11 15:38:16,632 INFO o.a.j.t.JMeterThread: Stopping: Thread Group 1-13
2018-10-11 15:38:16,632 WARN o.a.j.t.JMeterThread: Interrupting: Thread Group 1-13 sampler: HTTP Request
2018-10-11 15:38:16,633 INFO o.a.j.t.JMeterThread: Stopping: Thread Group 1-16
2018-10-11 15:38:16,633 WARN o.a.j.t.JMeterThread: Interrupting: Thread Group 1-16 sampler: HTTP Request
2018-10-11 15:38:16,633 INFO o.a.j.t.JMeterThread: Thread finished: Thread Group 1-40
2018-10-11 15:38:16,634 INFO o.a.j.t.JMeterThread: Stopping: Thread Group 1-1
2018-10-11 15:38:16,634 INFO o.a.j.t.JMeterThread: Thread finished: Thread Group 1-13
2018-10-11 15:38:16,634 WARN o.a.j.t.JMeterThread: Interrupting: Thread Group 1-1 sampler: HTTP Request
2018-10-11 15:38:16,635 INFO o.a.j.t.JMeterThread: Thread finished: Thread Group 1-16
2018-10-11 15:38:16,635 INFO o.a.j.t.JMeterThread: Stopping: Thread Group 1-10
2018-10-11 15:38:16,636 WARN o.a.j.t.JMeterThread: Interrupting: Thread Group 1-10 sampler: HTTP Request
2018-10-11 15:38:16,636 INFO o.a.j.t.JMeterThread: Stopping: Thread Group 1-5
2018-10-11 15:38:16,636 WARN o.a.j.t.JMeterThread: Interrupting: Thread Group 1-5 sampler: HTTP Request
2018-10-11 15:38:16,636 INFO o.a.j.t.JMeterThread: Thread finished: Thread Group 1-1
2018-10-11 15:38:16,636 INFO o.a.j.t.JMeterThread: Stopping: Thread Group 1-2
2018-10-11 15:38:16,636 INFO o.a.j.t.JMeterThread: Thread finished: Thread Group 1-10
2018-10-11 15:38:16,636 WARN o.a.j.t.JMeterThread: Interrupting: Thread Group 1-2 sampler: HTTP Request
2018-10-11 15:38:16,636 INFO o.a.j.t.JMeterThread: Stopping: Thread Group 1-32
2018-10-11 15:38:16,636 WARN o.a.j.t.JMeterThread: Interrupting: Thread Group 1-32 sampler: HTTP Request
2018-10-11 15:38:16,636 INFO o.a.j.t.JMeterThread: Thread finished: Thread Group 1-5
2018-10-11 15:38:16,636 INFO o.a.j.t.JMeterThread: Stopping: Thread Group 1-44
2018-10-11 15:38:16,636 WARN o.a.j.t.JMeterThread: Interrupting: Thread Group 1-44 sampler: HTTP Request
2018-10-11 15:38:16,637 INFO o.a.j.t.JMeterThread: Thread finished: Thread Group 1-2
2018-10-11 15:38:16,637 INFO o.a.j.t.JMeterThread: Stopping: Thread Group 1-6
2018-10-11 15:38:16,637 WARN o.a.j.t.JMeterThread: Interrupting: Thread Group 1-6 sampler: HTTP Request
2018-10-11 15:38:16,637 INFO o.a.j.t.JMeterThread: Thread finished: Thread Group 1-32
2018-10-11 15:38:16,637 INFO o.a.j.t.JMeterThread: Stopping: Thread Group 1-4
2018-10-11 15:38:16,637 WARN o.a.j.t.JMeterThread: Interrupting: Thread Group 1-4 sampler: HTTP Request
2018-10-11 15:38:16,637 INFO o.a.j.t.JMeterThread: Thread finished: Thread Group 1-44
2018-10-11 15:38:16,637 INFO o.a.j.t.JMeterThread: Stopping: Thread Group 1-11
2018-10-11 15:38:16,637 INFO o.a.j.t.JMeterThread: Thread finished: Thread Group 1-6
2018-10-11 15:38:16,637 WARN o.a.j.t.JMeterThread: Interrupting: Thread Group 1-11 sampler: HTTP Request
2018-10-11 15:38:16,637 INFO o.a.j.t.JMeterThread: Stopping: Thread Group 1-23
2018-10-11 15:38:16,637 WARN o.a.j.t.JMeterThread: Interrupting: Thread Group 1-23 sampler: HTTP Request
2018-10-11 15:38:16,637 INFO o.a.j.t.JMeterThread: Thread finished: Thread Group 1-4
2018-10-11 15:38:16,638 INFO o.a.j.t.JMeterThread: Stopping: Thread Group 1-26
2018-10-11 15:38:16,638 WARN o.a.j.t.JMeterThread: Interrupting: Thread Group 1-26 sampler: HTTP Request
2018-10-11 15:38:16,638 INFO o.a.j.t.JMeterThread: Thread finished: Thread Group 1-11
2018-10-11 15:38:16,638 INFO o.a.j.t.JMeterThread: Stopping: Thread Group 1-39
2018-10-11 15:38:16,638 WARN o.a.j.t.JMeterThread: Interrupting: Thread Group 1-39 sampler: HTTP Request
2018-10-11 15:38:16,638 INFO o.a.j.t.JMeterThread: Thread finished: Thread Group 1-23
2018-10-11 15:38:16,638 INFO o.a.j.t.JMeterThread: Stopping: Thread Group 1-28
2018-10-11 15:38:16,638 INFO o.a.j.t.JMeterThread: Thread finished: Thread Group 1-26
2018-10-11 15:38:16,638 WARN o.a.j.t.JMeterThread: Interrupting: Thread Group 1-28 sampler: HTTP Request
2018-10-11 15:38:16,639 INFO o.a.j.t.JMeterThread: Stopping: Thread Group 1-43
2018-10-11 15:38:16,639 WARN o.a.j.t.JMeterThread: Interrupting: Thread Group 1-43 sampler: HTTP Request
2018-10-11 15:38:16,639 INFO o.a.j.t.JMeterThread: Thread finished: Thread Group 1-39
2018-10-11 15:38:16,639 INFO o.a.j.t.JMeterThread: Stopping: Thread Group 1-19
2018-10-11 15:38:16,639 WARN o.a.j.t.JMeterThread: Interrupting: Thread Group 1-19 sampler: HTTP Request
2018-10-11 15:38:16,639 INFO o.a.j.t.JMeterThread: Thread finished: Thread Group 1-28
2018-10-11 15:38:16,639 INFO o.a.j.t.JMeterThread: Stopping: Thread Group 1-20
2018-10-11 15:38:16,639 WARN o.a.j.t.JMeterThread: Interrupting: Thread Group 1-20 sampler: HTTP Request
2018-10-11 15:38:16,639 INFO o.a.j.t.JMeterThread: Thread finished: Thread Group 1-43
2018-10-11 15:38:16,639 INFO o.a.j.t.JMeterThread: Stopping: Thread Group 1-30
2018-10-11 15:38:16,639 WARN o.a.j.t.JMeterThread: Interrupting: Thread Group 1-30 sampler: HTTP Request
2018-10-11 15:38:16,639 INFO o.a.j.t.JMeterThread: Thread finished: Thread Group 1-19
2018-10-11 15:38:16,639 INFO o.a.j.t.JMeterThread: Stopping: Thread Group 1-21
2018-10-11 15:38:16,640 WARN o.a.j.t.JMeterThread: Interrupting: Thread Group 1-21 sampler: HTTP Request
2018-10-11 15:38:16,640 INFO o.a.j.t.JMeterThread: Thread finished: Thread Group 1-20
2018-10-11 15:38:16,640 INFO o.a.j.t.JMeterThread: Stopping: Thread Group 1-45
2018-10-11 15:38:16,640 WARN o.a.j.t.JMeterThread: Interrupting: Thread Group 1-45 sampler: HTTP Request
2018-10-11 15:38:16,640 INFO o.a.j.t.JMeterThread: Thread finished: Thread Group 1-30
2018-10-11 15:38:16,640 INFO o.a.j.t.JMeterThread: Stopping: Thread Group 1-42
2018-10-11 15:38:16,640 WARN o.a.j.t.JMeterThread: Interrupting: Thread Group 1-42 sampler: HTTP Request
2018-10-11 15:38:16,640 INFO o.a.j.t.JMeterThread: Thread finished: Thread Group 1-21
2018-10-11 15:38:16,641 INFO o.a.j.t.JMeterThread: Stopping: Thread Group 1-37
2018-10-11 15:38:16,641 INFO o.a.j.t.JMeterThread: Thread finished: Thread Group 1-45
2018-10-11 15:38:16,641 WARN o.a.j.t.JMeterThread: Interrupting: Thread Group 1-37 sampler: HTTP Request
2018-10-11 15:38:16,642 INFO o.a.j.t.JMeterThread: Stopping: Thread Group 1-15
2018-10-11 15:38:16,642 WARN o.a.j.t.JMeterThread: Interrupting: Thread Group 1-15 sampler: HTTP Request
2018-10-11 15:38:16,642 INFO o.a.j.t.JMeterThread: Stopping: Thread Group 1-9
2018-10-11 15:38:16,642 WARN o.a.j.t.JMeterThread: Interrupting: Thread Group 1-9 sampler: HTTP Request
2018-10-11 15:38:16,642 INFO o.a.j.t.JMeterThread: Thread finished: Thread Group 1-42
2018-10-11 15:38:16,642 INFO o.a.j.t.JMeterThread: Thread finished: Thread Group 1-37
2018-10-11 15:38:16,642 INFO o.a.j.t.JMeterThread: Stopping: Thread Group 1-24
2018-10-11 15:38:16,642 WARN o.a.j.t.JMeterThread: Interrupting: Thread Group 1-24 sampler: HTTP Request
2018-10-11 15:38:16,642 INFO o.a.j.t.JMeterThread: Thread finished: Thread Group 1-15
2018-10-11 15:38:16,642 INFO o.a.j.t.JMeterThread: Stopping: Thread Group 1-48
2018-10-11 15:38:16,642 WARN o.a.j.t.JMeterThread: Interrupting: Thread Group 1-48 sampler: HTTP Request
2018-10-11 15:38:16,642 INFO o.a.j.t.JMeterThread: Thread finished: Thread Group 1-9
2018-10-11 15:38:16,643 INFO o.a.j.t.JMeterThread: Stopping: Thread Group 1-12
2018-10-11 15:38:16,643 WARN o.a.j.t.JMeterThread: Interrupting: Thread Group 1-12 sampler: HTTP Request
2018-10-11 15:38:16,643 INFO o.a.j.t.JMeterThread: Thread finished: Thread Group 1-24
2018-10-11 15:38:16,643 INFO o.a.j.t.JMeterThread: Stopping: Thread Group 1-14
2018-10-11 15:38:16,643 WARN o.a.j.t.JMeterThread: Interrupting: Thread Group 1-14 sampler: HTTP Request
2018-10-11 15:38:16,643 INFO o.a.j.t.JMeterThread: Thread finished: Thread Group 1-48
2018-10-11 15:38:16,643 INFO o.a.j.t.JMeterThread: Stopping: Thread Group 1-29
2018-10-11 15:38:16,643 INFO o.a.j.t.JMeterThread: Thread finished: Thread Group 1-12
2018-10-11 15:38:16,643 WARN o.a.j.t.JMeterThread: Interrupting: Thread Group 1-29 sampler: HTTP Request
2018-10-11 15:38:16,644 INFO o.a.j.t.JMeterThread: Stopping: Thread Group 1-34
2018-10-11 15:38:16,644 WARN o.a.j.t.JMeterThread: Interrupting: Thread Group 1-34 sampler: HTTP Request
2018-10-11 15:38:16,644 INFO o.a.j.t.JMeterThread: Thread finished: Thread Group 1-14
2018-10-11 15:38:16,644 INFO o.a.j.t.JMeterThread: Stopping: Thread Group 1-41
2018-10-11 15:38:16,644 WARN o.a.j.t.JMeterThread: Interrupting: Thread Group 1-41 sampler: HTTP Request
2018-10-11 15:38:16,644 INFO o.a.j.t.JMeterThread: Thread finished: Thread Group 1-29
2018-10-11 15:38:16,644 INFO o.a.j.t.JMeterThread: Stopping: Thread Group 1-8
2018-10-11 15:38:16,645 WARN o.a.j.t.JMeterThread: Interrupting: Thread Group 1-8 sampler: HTTP Request
2018-10-11 15:38:16,645 INFO o.a.j.t.JMeterThread: Thread finished: Thread Group 1-34
2018-10-11 15:38:16,645 INFO o.a.j.t.JMeterThread: Thread finished: Thread Group 1-41
2018-10-11 15:38:16,645 INFO o.a.j.t.JMeterThread: Thread finished: Thread Group 1-8
2018-10-11 15:38:16,645 INFO o.a.j.e.StandardJMeterEngine: Notifying test listeners of end of test
2018-10-11 15:38:16,645 INFO o.a.j.g.u.JMeterMenuBar: setRunning(false, *local*)
2018-10-11 15:38:19,801 INFO o.a.j.e.StandardJMeterEngine: Running the test!
2018-10-11 15:38:19,801 INFO o.a.j.s.SampleEvent: List of sample_variables: []
2018-10-11 15:38:19,801 INFO o.a.j.g.u.JMeterMenuBar: setRunning(true, *local*)
2018-10-11 15:38:19,907 INFO o.a.j.e.StandardJMeterEngine: Starting ThreadGroup: 1 : Thread Group
2018-10-11 15:38:19,907 INFO o.a.j.e.StandardJMeterEngine: Starting 50 threads for group Thread Group.
2018-10-11 15:38:19,907 INFO o.a.j.e.StandardJMeterEngine: Thread will continue on error
2018-10-11 15:38:19,907 INFO o.a.j.t.ThreadGroup: Starting thread group... number=1 threads=50 ramp-up=1 perThread=20.0 delayedStart=false
2018-10-11 15:38:19,908 INFO o.a.j.t.JMeterThread: Thread started: Thread Group 1-1
2018-10-11 15:38:19,915 INFO o.a.j.t.ThreadGroup: Started thread group number 1
2018-10-11 15:38:19,915 INFO o.a.j.e.StandardJMeterEngine: All thread groups have been started
2018-10-11 15:38:19,931 INFO o.a.j.t.JMeterThread: Thread started: Thread Group 1-2
2018-10-11 15:38:19,948 INFO o.a.j.t.JMeterThread: Thread started: Thread Group 1-3
2018-10-11 15:38:19,969 INFO o.a.j.t.JMeterThread: Thread started: Thread Group 1-4
2018-10-11 15:38:19,990 INFO o.a.j.t.JMeterThread: Thread started: Thread Group 1-5
2018-10-11 15:38:20,012 INFO o.a.j.t.JMeterThread: Thread started: Thread Group 1-6
2018-10-11 15:38:20,029 INFO o.a.j.t.JMeterThread: Thread started: Thread Group 1-7
2018-10-11 15:38:20,049 INFO o.a.j.t.JMeterThread: Thread started: Thread Group 1-8
2018-10-11 15:38:20,070 INFO o.a.j.t.JMeterThread: Thread started: Thread Group 1-9
2018-10-11 15:38:20,089 INFO o.a.j.t.JMeterThread: Thread started: Thread Group 1-10
2018-10-11 15:38:20,113 INFO o.a.j.t.JMeterThread: Thread started: Thread Group 1-11
2018-10-11 15:38:20,132 INFO o.a.j.t.JMeterThread: Thread started: Thread Group 1-12
2018-10-11 15:38:20,153 INFO o.a.j.t.JMeterThread: Thread started: Thread Group 1-13
2018-10-11 15:38:20,170 INFO o.a.j.t.JMeterThread: Thread started: Thread Group 1-14
2018-10-11 15:38:20,190 INFO o.a.j.t.JMeterThread: Thread started: Thread Group 1-15
2018-10-11 15:38:20,213 INFO o.a.j.t.JMeterThread: Thread started: Thread Group 1-16
2018-10-11 15:38:20,231 INFO o.a.j.t.JMeterThread: Thread started: Thread Group 1-17
2018-10-11 15:38:20,254 INFO o.a.j.t.JMeterThread: Thread started: Thread Group 1-18
2018-10-11 15:38:20,270 INFO o.a.j.t.JMeterThread: Thread started: Thread Group 1-19
2018-10-11 15:38:20,295 INFO o.a.j.t.JMeterThread: Thread started: Thread Group 1-20
2018-10-11 15:38:20,312 INFO o.a.j.t.JMeterThread: Thread started: Thread Group 1-21
2018-10-11 15:38:20,333 INFO o.a.j.t.JMeterThread: Thread started: Thread Group 1-22
2018-10-11 15:38:20,353 INFO o.a.j.t.JMeterThread: Thread started: Thread Group 1-23
2018-10-11 15:38:20,371 INFO o.a.j.t.JMeterThread: Thread started: Thread Group 1-24
2018-10-11 15:38:20,395 INFO o.a.j.t.JMeterThread: Thread started: Thread Group 1-25
2018-10-11 15:38:20,411 INFO o.a.j.t.JMeterThread: Thread started: Thread Group 1-26
2018-10-11 15:38:20,436 INFO o.a.j.t.JMeterThread: Thread started: Thread Group 1-27
2018-10-11 15:38:20,453 INFO o.a.j.t.JMeterThread: Thread started: Thread Group 1-28
2018-10-11 15:38:20,473 INFO o.a.j.t.JMeterThread: Thread started: Thread Group 1-29
2018-10-11 15:38:20,496 INFO o.a.j.t.JMeterThread: Thread started: Thread Group 1-30
2018-10-11 15:38:20,512 INFO o.a.j.t.JMeterThread: Thread started: Thread Group 1-31
2018-10-11 15:38:20,537 INFO o.a.j.t.JMeterThread: Thread started: Thread Group 1-32
2018-10-11 15:38:20,554 INFO o.a.j.t.JMeterThread: Thread started: Thread Group 1-33
2018-10-11 15:38:20,576 INFO o.a.j.t.JMeterThread: Thread started: Thread Group 1-34
2018-10-11 15:38:20,595 INFO o.a.j.t.JMeterThread: Thread started: Thread Group 1-35
2018-10-11 15:38:20,613 INFO o.a.j.t.JMeterThread: Thread started: Thread Group 1-36
2018-10-11 15:38:20,637 INFO o.a.j.t.JMeterThread: Thread started: Thread Group 1-37
2018-10-11 15:38:20,655 INFO o.a.j.t.JMeterThread: Thread started: Thread Group 1-38
2018-10-11 15:38:20,676 INFO o.a.j.t.JMeterThread: Thread started: Thread Group 1-39
2018-10-11 15:38:20,694 INFO o.a.j.t.JMeterThread: Thread started: Thread Group 1-40
2018-10-11 15:38:20,714 INFO o.a.j.t.JMeterThread: Thread started: Thread Group 1-41
2018-10-11 15:38:20,736 INFO o.a.j.t.JMeterThread: Thread started: Thread Group 1-42
2018-10-11 15:38:20,755 INFO o.a.j.t.JMeterThread: Thread started: Thread Group 1-43
2018-10-11 15:38:20,778 INFO o.a.j.t.JMeterThread: Thread started: Thread Group 1-44
2018-10-11 15:38:20,795 INFO o.a.j.t.JMeterThread: Thread started: Thread Group 1-45
2018-10-11 15:38:20,815 INFO o.a.j.t.JMeterThread: Thread started: Thread Group 1-46
2018-10-11 15:38:20,837 INFO o.a.j.t.JMeterThread: Thread started: Thread Group 1-47
2018-10-11 15:38:20,855 INFO o.a.j.t.JMeterThread: Thread started: Thread Group 1-48
2018-10-11 15:38:20,876 INFO o.a.j.t.JMeterThread: Thread started: Thread Group 1-49
2018-10-11 15:38:20,895 INFO o.a.j.t.JMeterThread: Thread started: Thread Group 1-50
2018-10-11 15:44:16,460 INFO o.a.j.g.a.Start: Stopping test
2018-10-11 15:44:16,471 INFO o.a.j.t.JMeterThread: Stopping: Thread Group 1-39
2018-10-11 15:44:16,471 WARN o.a.j.t.JMeterThread: Interrupting: Thread Group 1-39 sampler: HTTP Request
2018-10-11 15:44:16,472 INFO o.a.j.t.JMeterThread: Stopping: Thread Group 1-12
2018-10-11 15:44:16,472 WARN o.a.j.t.JMeterThread: Interrupting: Thread Group 1-12 sampler: HTTP Request
2018-10-11 15:44:16,472 INFO o.a.j.t.JMeterThread: Stopping: Thread Group 1-9
2018-10-11 15:44:16,472 WARN o.a.j.t.JMeterThread: Interrupting: Thread Group 1-9 sampler: HTTP Request
2018-10-11 15:44:16,473 INFO o.a.j.t.JMeterThread: Stopping: Thread Group 1-25
2018-10-11 15:44:16,473 WARN o.a.j.t.JMeterThread: Interrupting: Thread Group 1-25 sampler: HTTP Request
2018-10-11 15:44:16,473 INFO o.a.j.t.JMeterThread: Thread finished: Thread Group 1-39
2018-10-11 15:44:16,474 INFO o.a.j.t.JMeterThread: Stopping: Thread Group 1-38
2018-10-11 15:44:16,474 INFO o.a.j.t.JMeterThread: Thread finished: Thread Group 1-12
2018-10-11 15:44:16,474 WARN o.a.j.t.JMeterThread: Interrupting: Thread Group 1-38 sampler: HTTP Request
2018-10-11 15:44:16,474 INFO o.a.j.t.JMeterThread: Thread finished: Thread Group 1-9
2018-10-11 15:44:16,474 INFO o.a.j.t.JMeterThread: Stopping: Thread Group 1-22
2018-10-11 15:44:16,474 WARN o.a.j.t.JMeterThread: Interrupting: Thread Group 1-22 sampler: HTTP Request
2018-10-11 15:44:16,475 INFO o.a.j.t.JMeterThread: Stopping: Thread Group 1-36
2018-10-11 15:44:16,475 WARN o.a.j.t.JMeterThread: Interrupting: Thread Group 1-36 sampler: HTTP Request
2018-10-11 15:44:16,475 INFO o.a.j.t.JMeterThread: Thread finished: Thread Group 1-25
2018-10-11 15:44:16,476 INFO o.a.j.t.JMeterThread: Stopping: Thread Group 1-18
2018-10-11 15:44:16,476 INFO o.a.j.t.JMeterThread: Thread finished: Thread Group 1-38
2018-10-11 15:44:16,476 WARN o.a.j.t.JMeterThread: Interrupting: Thread Group 1-18 sampler: HTTP Request
2018-10-11 15:44:16,476 INFO o.a.j.t.JMeterThread: Thread finished: Thread Group 1-22
2018-10-11 15:44:16,477 INFO o.a.j.t.JMeterThread: Stopping: Thread Group 1-50
2018-10-11 15:44:16,477 WARN o.a.j.t.JMeterThread: Interrupting: Thread Group 1-50 sampler: HTTP Request
2018-10-11 15:44:16,477 INFO o.a.j.t.JMeterThread: Thread finished: Thread Group 1-36
2018-10-11 15:44:16,477 INFO o.a.j.t.JMeterThread: Stopping: Thread Group 1-24
2018-10-11 15:44:16,477 WARN o.a.j.t.JMeterThread: Interrupting: Thread Group 1-24 sampler: HTTP Request
2018-10-11 15:44:16,478 INFO o.a.j.t.JMeterThread: Stopping: Thread Group 1-19
2018-10-11 15:44:16,478 INFO o.a.j.t.JMeterThread: Thread finished: Thread Group 1-18
2018-10-11 15:44:16,478 WARN o.a.j.t.JMeterThread: Interrupting: Thread Group 1-19 sampler: HTTP Request
2018-10-11 15:44:16,478 INFO o.a.j.t.JMeterThread: Thread finished: Thread Group 1-50
2018-10-11 15:44:16,479 INFO o.a.j.t.JMeterThread: Stopping: Thread Group 1-29
2018-10-11 15:44:16,479 WARN o.a.j.t.JMeterThread: Interrupting: Thread Group 1-29 sampler: HTTP Request
2018-10-11 15:44:16,480 INFO o.a.j.t.JMeterThread: Thread finished: Thread Group 1-24
2018-10-11 15:44:16,480 INFO o.a.j.t.JMeterThread: Stopping: Thread Group 1-34
2018-10-11 15:44:16,480 WARN o.a.j.t.JMeterThread: Interrupting: Thread Group 1-34 sampler: HTTP Request
2018-10-11 15:44:16,480 INFO o.a.j.t.JMeterThread: Thread finished: Thread Group 1-19
2018-10-11 15:44:16,480 INFO o.a.j.t.JMeterThread: Stopping: Thread Group 1-35
2018-10-11 15:44:16,480 INFO o.a.j.t.JMeterThread: Thread finished: Thread Group 1-29
2018-10-11 15:44:16,480 WARN o.a.j.t.JMeterThread: Interrupting: Thread Group 1-35 sampler: HTTP Request
2018-10-11 15:44:16,481 INFO o.a.j.t.JMeterThread: Stopping: Thread Group 1-32
2018-10-11 15:44:16,481 WARN o.a.j.t.JMeterThread: Interrupting: Thread Group 1-32 sampler: HTTP Request
2018-10-11 15:44:16,482 INFO o.a.j.t.JMeterThread: Thread finished: Thread Group 1-34
2018-10-11 15:44:16,482 INFO o.a.j.t.JMeterThread: Stopping: Thread Group 1-10
2018-10-11 15:44:16,482 WARN o.a.j.t.JMeterThread: Interrupting: Thread Group 1-10 sampler: HTTP Request
2018-10-11 15:44:16,482 INFO o.a.j.t.JMeterThread: Thread finished: Thread Group 1-35
2018-10-11 15:44:16,482 INFO o.a.j.t.JMeterThread: Stopping: Thread Group 1-21
2018-10-11 15:44:16,482 WARN o.a.j.t.JMeterThread: Interrupting: Thread Group 1-21 sampler: HTTP Request
2018-10-11 15:44:16,483 INFO o.a.j.t.JMeterThread: Thread finished: Thread Group 1-32
2018-10-11 15:44:16,483 INFO o.a.j.t.JMeterThread: Stopping: Thread Group 1-26
2018-10-11 15:44:16,483 WARN o.a.j.t.JMeterThread: Interrupting: Thread Group 1-26 sampler: HTTP Request
2018-10-11 15:44:16,484 INFO o.a.j.t.JMeterThread: Thread finished: Thread Group 1-10
2018-10-11 15:44:16,484 INFO o.a.j.t.JMeterThread: Stopping: Thread Group 1-44
2018-10-11 15:44:16,484 WARN o.a.j.t.JMeterThread: Interrupting: Thread Group 1-44 sampler: HTTP Request
2018-10-11 15:44:16,484 INFO o.a.j.t.JMeterThread: Thread finished: Thread Group 1-21
2018-10-11 15:44:16,484 INFO o.a.j.t.JMeterThread: Stopping: Thread Group 1-11
2018-10-11 15:44:16,484 WARN o.a.j.t.JMeterThread: Interrupting: Thread Group 1-11 sampler: HTTP Request
2018-10-11 15:44:16,486 INFO o.a.j.t.JMeterThread: Thread finished: Thread Group 1-26
2018-10-11 15:44:16,487 INFO o.a.j.t.JMeterThread: Stopping: Thread Group 1-23
2018-10-11 15:44:16,487 WARN o.a.j.t.JMeterThread: Interrupting: Thread Group 1-23 sampler: HTTP Request
2018-10-11 15:44:16,487 INFO o.a.j.t.JMeterThread: Stopping: Thread Group 1-7
2018-10-11 15:44:16,487 WARN o.a.j.t.JMeterThread: Interrupting: Thread Group 1-7 sampler: HTTP Request
2018-10-11 15:44:16,487 INFO o.a.j.t.JMeterThread: Thread finished: Thread Group 1-44
2018-10-11 15:44:16,487 INFO o.a.j.t.JMeterThread: Thread finished: Thread Group 1-11
2018-10-11 15:44:16,487 INFO o.a.j.t.JMeterThread: Stopping: Thread Group 1-13
2018-10-11 15:44:16,487 WARN o.a.j.t.JMeterThread: Interrupting: Thread Group 1-13 sampler: HTTP Request
2018-10-11 15:44:16,487 INFO o.a.j.t.JMeterThread: Thread finished: Thread Group 1-23
2018-10-11 15:44:16,487 INFO o.a.j.t.JMeterThread: Stopping: Thread Group 1-20
2018-10-11 15:44:16,487 WARN o.a.j.t.JMeterThread: Interrupting: Thread Group 1-20 sampler: HTTP Request
2018-10-11 15:44:16,487 INFO o.a.j.t.JMeterThread: Stopping: Thread Group 1-6
2018-10-11 15:44:16,487 WARN o.a.j.t.JMeterThread: Interrupting: Thread Group 1-6 sampler: HTTP Request
2018-10-11 15:44:16,487 INFO o.a.j.t.JMeterThread: Thread finished: Thread Group 1-7
2018-10-11 15:44:16,487 INFO o.a.j.t.JMeterThread: Thread finished: Thread Group 1-13
2018-10-11 15:44:16,487 INFO o.a.j.t.JMeterThread: Stopping: Thread Group 1-1
2018-10-11 15:44:16,487 WARN o.a.j.t.JMeterThread: Interrupting: Thread Group 1-1 sampler: HTTP Request
2018-10-11 15:44:16,488 INFO o.a.j.t.JMeterThread: Thread finished: Thread Group 1-20
2018-10-11 15:44:16,488 INFO o.a.j.t.JMeterThread: Stopping: Thread Group 1-37
2018-10-11 15:44:16,488 WARN o.a.j.t.JMeterThread: Interrupting: Thread Group 1-37 sampler: HTTP Request
2018-10-11 15:44:16,488 INFO o.a.j.t.JMeterThread: Thread finished: Thread Group 1-6
2018-10-11 15:44:16,488 INFO o.a.j.t.JMeterThread: Stopping: Thread Group 1-49
2018-10-11 15:44:16,488 INFO o.a.j.t.JMeterThread: Thread finished: Thread Group 1-1
2018-10-11 15:44:16,488 WARN o.a.j.t.JMeterThread: Interrupting: Thread Group 1-49 sampler: HTTP Request
2018-10-11 15:44:16,488 INFO o.a.j.t.JMeterThread: Stopping: Thread Group 1-41
2018-10-11 15:44:16,488 WARN o.a.j.t.JMeterThread: Interrupting: Thread Group 1-41 sampler: HTTP Request
2018-10-11 15:44:16,488 INFO o.a.j.t.JMeterThread: Thread finished: Thread Group 1-37
2018-10-11 15:44:16,488 INFO o.a.j.t.JMeterThread: Stopping: Thread Group 1-45
2018-10-11 15:44:16,488 WARN o.a.j.t.JMeterThread: Interrupting: Thread Group 1-45 sampler: HTTP Request
2018-10-11 15:44:16,488 INFO o.a.j.t.JMeterThread: Thread finished: Thread Group 1-49
2018-10-11 15:44:16,488 INFO o.a.j.t.JMeterThread: Stopping: Thread Group 1-43
2018-10-11 15:44:16,488 WARN o.a.j.t.JMeterThread: Interrupting: Thread Group 1-43 sampler: HTTP Request
2018-10-11 15:44:16,488 INFO o.a.j.t.JMeterThread: Stopping: Thread Group 1-48
2018-10-11 15:44:16,488 INFO o.a.j.t.JMeterThread: Thread finished: Thread Group 1-41
2018-10-11 15:44:16,488 WARN o.a.j.t.JMeterThread: Interrupting: Thread Group 1-48 sampler: HTTP Request
2018-10-11 15:44:16,489 INFO o.a.j.t.JMeterThread: Thread finished: Thread Group 1-45
2018-10-11 15:44:16,489 INFO o.a.j.t.JMeterThread: Stopping: Thread Group 1-16
2018-10-11 15:44:16,489 WARN o.a.j.t.JMeterThread: Interrupting: Thread Group 1-16 sampler: HTTP Request
2018-10-11 15:44:16,489 INFO o.a.j.t.JMeterThread: Thread finished: Thread Group 1-43
2018-10-11 15:44:16,489 INFO o.a.j.t.JMeterThread: Stopping: Thread Group 1-17
2018-10-11 15:44:16,489 WARN o.a.j.t.JMeterThread: Interrupting: Thread Group 1-17 sampler: HTTP Request
2018-10-11 15:44:16,489 INFO o.a.j.t.JMeterThread: Thread finished: Thread Group 1-48
2018-10-11 15:44:16,489 INFO o.a.j.t.JMeterThread: Stopping: Thread Group 1-3
2018-10-11 15:44:16,489 WARN o.a.j.t.JMeterThread: Interrupting: Thread Group 1-3 sampler: HTTP Request
2018-10-11 15:44:16,489 INFO o.a.j.t.JMeterThread: Thread finished: Thread Group 1-16
2018-10-11 15:44:16,489 INFO o.a.j.t.JMeterThread: Stopping: Thread Group 1-42
2018-10-11 15:44:16,489 WARN o.a.j.t.JMeterThread: Interrupting: Thread Group 1-42 sampler: HTTP Request
2018-10-11 15:44:16,489 INFO o.a.j.t.JMeterThread: Thread finished: Thread Group 1-17
2018-10-11 15:44:16,489 INFO o.a.j.t.JMeterThread: Stopping: Thread Group 1-5
2018-10-11 15:44:16,489 WARN o.a.j.t.JMeterThread: Interrupting: Thread Group 1-5 sampler: HTTP Request
2018-10-11 15:44:16,489 INFO o.a.j.t.JMeterThread: Thread finished: Thread Group 1-3
2018-10-11 15:44:16,489 INFO o.a.j.t.JMeterThread: Stopping: Thread Group 1-8
2018-10-11 15:44:16,490 WARN o.a.j.t.JMeterThread: Interrupting: Thread Group 1-8 sampler: HTTP Request
2018-10-11 15:44:16,490 INFO o.a.j.t.JMeterThread: Thread finished: Thread Group 1-42
2018-10-11 15:44:16,490 INFO o.a.j.t.JMeterThread: Stopping: Thread Group 1-28
2018-10-11 15:44:16,490 WARN o.a.j.t.JMeterThread: Interrupting: Thread Group 1-28 sampler: HTTP Request
2018-10-11 15:44:16,490 INFO o.a.j.t.JMeterThread: Stopping: Thread Group 1-14
2018-10-11 15:44:16,490 INFO o.a.j.t.JMeterThread: Thread finished: Thread Group 1-5
2018-10-11 15:44:16,490 WARN o.a.j.t.JMeterThread: Interrupting: Thread Group 1-14 sampler: HTTP Request
2018-10-11 15:44:16,490 INFO o.a.j.t.JMeterThread: Thread finished: Thread Group 1-8
2018-10-11 15:44:16,490 INFO o.a.j.t.JMeterThread: Thread finished: Thread Group 1-28
2018-10-11 15:44:16,490 INFO o.a.j.t.JMeterThread: Stopping: Thread Group 1-40
2018-10-11 15:44:16,490 WARN o.a.j.t.JMeterThread: Interrupting: Thread Group 1-40 sampler: HTTP Request
2018-10-11 15:44:16,490 INFO o.a.j.t.JMeterThread: Stopping: Thread Group 1-4
2018-10-11 15:44:16,490 WARN o.a.j.t.JMeterThread: Interrupting: Thread Group 1-4 sampler: HTTP Request
2018-10-11 15:44:16,490 INFO o.a.j.t.JMeterThread: Thread finished: Thread Group 1-14
2018-10-11 15:44:16,491 INFO o.a.j.t.JMeterThread: Stopping: Thread Group 1-46
2018-10-11 15:44:16,491 WARN o.a.j.t.JMeterThread: Interrupting: Thread Group 1-46 sampler: HTTP Request
2018-10-11 15:44:16,491 INFO o.a.j.t.JMeterThread: Thread finished: Thread Group 1-40
2018-10-11 15:44:16,491 INFO o.a.j.t.JMeterThread: Stopping: Thread Group 1-30
2018-10-11 15:44:16,491 WARN o.a.j.t.JMeterThread: Interrupting: Thread Group 1-30 sampler: HTTP Request
2018-10-11 15:44:16,491 INFO o.a.j.t.JMeterThread: Thread finished: Thread Group 1-4
2018-10-11 15:44:16,491 INFO o.a.j.t.JMeterThread: Stopping: Thread Group 1-31
2018-10-11 15:44:16,491 WARN o.a.j.t.JMeterThread: Interrupting: Thread Group 1-31 sampler: HTTP Request
2018-10-11 15:44:16,491 INFO o.a.j.t.JMeterThread: Thread finished: Thread Group 1-46
2018-10-11 15:44:16,491 INFO o.a.j.t.JMeterThread: Stopping: Thread Group 1-27
2018-10-11 15:44:16,491 WARN o.a.j.t.JMeterThread: Interrupting: Thread Group 1-27 sampler: HTTP Request
2018-10-11 15:44:16,491 INFO o.a.j.t.JMeterThread: Thread finished: Thread Group 1-30
2018-10-11 15:44:16,492 INFO o.a.j.t.JMeterThread: Stopping: Thread Group 1-47
2018-10-11 15:44:16,492 INFO o.a.j.t.JMeterThread: Thread finished: Thread Group 1-31
2018-10-11 15:44:16,492 WARN o.a.j.t.JMeterThread: Interrupting: Thread Group 1-47 sampler: HTTP Request
2018-10-11 15:44:16,492 INFO o.a.j.t.JMeterThread: Stopping: Thread Group 1-15
2018-10-11 15:44:16,492 WARN o.a.j.t.JMeterThread: Interrupting: Thread Group 1-15 sampler: HTTP Request
2018-10-11 15:44:16,492 INFO o.a.j.t.JMeterThread: Thread finished: Thread Group 1-27
2018-10-11 15:44:16,492 INFO o.a.j.t.JMeterThread: Stopping: Thread Group 1-33
2018-10-11 15:44:16,492 WARN o.a.j.t.JMeterThread: Interrupting: Thread Group 1-33 sampler: HTTP Request
2018-10-11 15:44:16,492 INFO o.a.j.t.JMeterThread: Stopping: Thread Group 1-2
2018-10-11 15:44:16,492 INFO o.a.j.t.JMeterThread: Thread finished: Thread Group 1-47
2018-10-11 15:44:16,492 WARN o.a.j.t.JMeterThread: Interrupting: Thread Group 1-2 sampler: HTTP Request
2018-10-11 15:44:16,492 INFO o.a.j.t.JMeterThread: Thread finished: Thread Group 1-15
2018-10-11 15:44:16,492 INFO o.a.j.t.JMeterThread: Thread finished: Thread Group 1-33
2018-10-11 15:44:16,493 INFO o.a.j.t.JMeterThread: Thread finished: Thread Group 1-2
2018-10-11 15:44:16,493 INFO o.a.j.e.StandardJMeterEngine: Notifying test listeners of end of test
2018-10-11 15:44:16,493 INFO o.a.j.g.u.JMeterMenuBar: setRunning(false, *local*)
